2010-02-16 10:07:58 Notice: Notice (1024): Please change the value of 'Security.salt' in app/config/core.php to a salt value specific to your application in [/Users/prod/Sites/a/festimpro/cake/libs/debugger.php, line 674]
2010-02-16 10:07:58 Notice: Notice (1024): Please change the value of 'Security.cipher_seed' in app/config/core.php to a numeric (digits only) seed value specific to your application in [/Users/prod/Sites/a/festimpro/cake/libs/debugger.php, line 678]
2010-02-16 10:07:58 Notice: Notice (1024): Please change the value of 'Security.salt' in app/config/core.php to a salt value specific to your application in [/Users/prod/Sites/a/festimpro/cake/libs/debugger.php, line 674]
2010-02-16 10:07:58 Notice: Notice (1024): Please change the value of 'Security.cipher_seed' in app/config/core.php to a numeric (digits only) seed value specific to your application in [/Users/prod/Sites/a/festimpro/cake/libs/debugger.php, line 678]
2010-02-16 10:49:22 Notice: Notice (8): Undefined property: UtilisateursController::$Reservation in [/Users/prod/Sites/a/festimpro/app/controllers/utilisateurs_controller.php, line 24]
2010-02-16 10:49:22 Notice: Notice (8): Trying to get property of non-object in [/Users/prod/Sites/a/festimpro/app/controllers/utilisateurs_controller.php, line 24]
2010-02-16 10:49:56 Notice: Notice (8): Undefined property: UtilisateursController::$Reservation in [/Users/prod/Sites/a/festimpro/app/controllers/utilisateurs_controller.php, line 24]
2010-02-16 10:49:56 Notice: Notice (8): Trying to get property of non-object in [/Users/prod/Sites/a/festimpro/app/controllers/utilisateurs_controller.php, line 24]
2010-02-16 10:50:07 Notice: Notice (8): Undefined property: UtilisateursController::$Reservation in [/Users/prod/Sites/a/festimpro/app/controllers/utilisateurs_controller.php, line 24]
2010-02-16 10:50:07 Notice: Notice (8): Trying to get property of non-object in [/Users/prod/Sites/a/festimpro/app/controllers/utilisateurs_controller.php, line 24]
2010-02-16 10:50:25 Notice: Notice (8): Undefined property: UtilisateursController::$Reservation in [/Users/prod/Sites/a/festimpro/app/controllers/utilisateurs_controller.php, line 24]
2010-02-16 10:50:25 Notice: Notice (8): Trying to get property of non-object in [/Users/prod/Sites/a/festimpro/app/controllers/utilisateurs_controller.php, line 24]
2010-02-16 10:50:35 Notice: Notice (8): Undefined property: UtilisateursController::$Reservation in [/Users/prod/Sites/a/festimpro/app/controllers/utilisateurs_controller.php, line 24]
2010-02-16 10:50:35 Notice: Notice (8): Trying to get property of non-object in [/Users/prod/Sites/a/festimpro/app/controllers/utilisateurs_controller.php, line 24]
2010-02-16 11:29:04 Notice: Notice (8): Undefined property: ReservationsController::$Utilisateur in [/Users/prod/Sites/a/festimpro/app/controllers/reservations_controller.php, line 21]
2010-02-17 10:47:57 Notice: Notice (8): Undefined property: UtilisateursController::$Company in [/Users/prod/Sites/a/festimpro/app/controllers/utilisateurs_controller.php, line 21]
2010-02-17 10:49:06 Notice: Notice (8): Undefined property: Reservation::$Match in [/Users/prod/Sites/a/festimpro/app/controllers/utilisateurs_controller.php, line 23]
2010-02-17 10:49:38 Notice: Notice (8): Undefined property: Reservation::$Match in [/Users/prod/Sites/a/festimpro/app/controllers/utilisateurs_controller.php, line 23]
2010-02-17 10:49:38 Notice: Notice (8): Undefined property: Reservation::$Match in [/Users/prod/Sites/a/festimpro/app/controllers/utilisateurs_controller.php, line 23]
2010-02-17 10:49:41 Notice: Notice (8): Undefined property: Reservation::$Match in [/Users/prod/Sites/a/festimpro/app/controllers/utilisateurs_controller.php, line 23]
2010-02-17 10:49:43 Notice: Notice (8): Undefined property: Reservation::$Match in [/Users/prod/Sites/a/festimpro/app/controllers/utilisateurs_controller.php, line 23]
2010-02-17 11:14:07 Notice: Notice (8): Undefined property: Reservation::$Match in [/Users/prod/Sites/a/festimpro/app/controllers/utilisateurs_controller.php, line 9]
2010-02-17 11:15:38 Notice: Notice (8): Undefined property: Reservation::$Match in [/Users/prod/Sites/a/festimpro/app/controllers/utilisateurs_controller.php, line 9]
2010-02-23 09:38:00 Notice: Notice (8): Undefined index:  Match in [/Users/prod/Sites/a/festimpro/app/views/matches/liste.ctp, line 2]
2010-02-23 09:38:52 Notice: Notice (8): Undefined index:  Match in [/Users/prod/Sites/a/festimpro/app/views/matches/liste.ctp, line 2]
2010-02-23 09:45:10 Notice: Notice (8): Undefined variable: matches in [/Users/prod/Sites/a/festimpro/app/views/matches/liste.ctp, line 2]
2010-02-23 09:45:11 Notice: Notice (8): Undefined variable: matches in [/Users/prod/Sites/a/festimpro/app/views/matches/liste.ctp, line 2]
2010-02-23 09:45:12 Notice: Notice (8): Undefined variable: matches in [/Users/prod/Sites/a/festimpro/app/views/matches/liste.ctp, line 2]
2010-02-23 09:45:13 Notice: Notice (8): Undefined variable: matches in [/Users/prod/Sites/a/festimpro/app/views/matches/liste.ctp, line 2]
2010-02-23 09:45:13 Notice: Notice (8): Undefined variable: matches in [/Users/prod/Sites/a/festimpro/app/views/matches/liste.ctp, line 2]
2010-02-23 09:45:14 Notice: Notice (8): Undefined variable: matches in [/Users/prod/Sites/a/festimpro/app/views/matches/liste.ctp, line 2]
2010-02-23 09:46:19 Notice: Notice (8): Undefined index:  Match in [/Users/prod/Sites/a/festimpro/app/views/matches/liste.ctp, line 2]
2010-02-23 09:46:20 Notice: Notice (8): Undefined index:  Match in [/Users/prod/Sites/a/festimpro/app/views/matches/liste.ctp, line 2]
2010-02-23 09:46:35 Notice: Notice (8): Undefined index:  id in [/Users/prod/Sites/a/festimpro/app/views/matches/liste.ctp, line 2]
2010-02-23 09:46:36 Notice: Notice (8): Undefined index:  id in [/Users/prod/Sites/a/festimpro/app/views/matches/liste.ctp, line 2]
2010-02-23 09:49:44 Notice: Notice (8): Undefined offset:  0 in [/Users/prod/Sites/a/festimpro/app/views/matches/liste.ctp, line 2]
2010-02-23 09:49:45 Notice: Notice (8): Undefined offset:  0 in [/Users/prod/Sites/a/festimpro/app/views/matches/liste.ctp, line 2]
2010-02-23 09:49:46 Notice: Notice (8): Undefined offset:  0 in [/Users/prod/Sites/a/festimpro/app/views/matches/liste.ctp, line 2]
2010-02-23 09:49:46 Notice: Notice (8): Undefined offset:  0 in [/Users/prod/Sites/a/festimpro/app/views/matches/liste.ctp, line 2]
2010-02-23 09:50:07 Notice: Notice (8): Undefined offset:  0 in [/Users/prod/Sites/a/festimpro/app/views/matches/liste.ctp, line 2]
2010-02-23 09:50:08 Notice: Notice (8): Undefined offset:  0 in [/Users/prod/Sites/a/festimpro/app/views/matches/liste.ctp, line 2]
2010-02-23 09:50:13 Notice: Notice (8): Undefined index:  id in [/Users/prod/Sites/a/festimpro/app/views/matches/liste.ctp, line 2]
2010-02-23 09:50:14 Notice: Notice (8): Undefined index:  id in [/Users/prod/Sites/a/festimpro/app/views/matches/liste.ctp, line 2]
2010-02-23 09:50:14 Notice: Notice (8): Undefined index:  id in [/Users/prod/Sites/a/festimpro/app/views/matches/liste.ctp, line 2]
2010-02-23 09:50:30 Notice: Notice (8): Undefined index:  nom in [/Users/prod/Sites/a/festimpro/app/views/matches/liste.ctp, line 2]
2010-02-23 09:50:31 Notice: Notice (8): Undefined index:  nom in [/Users/prod/Sites/a/festimpro/app/views/matches/liste.ctp, line 2]
2010-02-23 09:50:34 Notice: Notice (8): Undefined index:  nom in [/Users/prod/Sites/a/festimpro/app/views/matches/liste.ctp, line 2]
2010-02-23 09:50:35 Notice: Notice (8): Undefined index:  nom in [/Users/prod/Sites/a/festimpro/app/views/matches/liste.ctp, line 2]
2010-02-23 09:53:00 Notice: Notice (8): Undefined variable: matches in [/Users/prod/Sites/a/festimpro/app/views/matches/liste.ctp, line 2]
2010-02-23 09:53:00 Notice: Notice (8): Undefined variable: matches in [/Users/prod/Sites/a/festimpro/app/views/matches/liste.ctp, line 2]
2010-02-23 09:53:04 Notice: Notice (8): Undefined index:  nom in [/Users/prod/Sites/a/festimpro/app/views/matches/liste.ctp, line 2]
2010-02-23 09:53:05 Notice: Notice (8): Undefined index:  nom in [/Users/prod/Sites/a/festimpro/app/views/matches/liste.ctp, line 2]
2010-02-23 09:53:26 Notice: Notice (8): Undefined offset:  0 in [/Users/prod/Sites/a/festimpro/app/views/matches/liste.ctp, line 2]
2010-02-23 09:53:27 Notice: Notice (8): Undefined offset:  0 in [/Users/prod/Sites/a/festimpro/app/views/matches/liste.ctp, line 2]
2010-02-23 09:53:33 Notice: Notice (8): Undefined offset:  0 in [/Users/prod/Sites/a/festimpro/app/views/matches/liste.ctp, line 2]
2010-02-23 09:53:33 Notice: Notice (8): Undefined offset:  0 in [/Users/prod/Sites/a/festimpro/app/views/matches/liste.ctp, line 2]
2010-02-23 10:02:42 Notice: Notice (8): Undefined offset:  1 in [/Users/prod/Sites/a/festimpro/app/views/matches/liste.ctp, line 6]
2010-02-23 10:02:42 Notice: Notice (8): Undefined offset:  2 in [/Users/prod/Sites/a/festimpro/app/views/matches/liste.ctp, line 9]
2010-02-23 10:02:42 Notice: Notice (8): Undefined offset:  3 in [/Users/prod/Sites/a/festimpro/app/views/matches/liste.ctp, line 12]
2010-02-23 10:02:42 Notice: Notice (8): Undefined offset:  4 in [/Users/prod/Sites/a/festimpro/app/views/matches/liste.ctp, line 15]
2010-02-23 10:02:42 Notice: Notice (8): Undefined offset:  5 in [/Users/prod/Sites/a/festimpro/app/views/matches/liste.ctp, line 18]
2010-02-23 10:02:42 Notice: Notice (8): Undefined offset:  6 in [/Users/prod/Sites/a/festimpro/app/views/matches/liste.ctp, line 21]
2010-02-23 10:02:52 Notice: Notice (8): Undefined offset:  1 in [/Users/prod/Sites/a/festimpro/app/views/matches/liste.ctp, line 6]
2010-02-23 10:02:52 Notice: Notice (8): Undefined offset:  2 in [/Users/prod/Sites/a/festimpro/app/views/matches/liste.ctp, line 9]
2010-02-23 10:02:52 Notice: Notice (8): Undefined offset:  3 in [/Users/prod/Sites/a/festimpro/app/views/matches/liste.ctp, line 12]
2010-02-23 10:02:52 Notice: Notice (8): Undefined offset:  4 in [/Users/prod/Sites/a/festimpro/app/views/matches/liste.ctp, line 15]
2010-02-23 10:02:52 Notice: Notice (8): Undefined offset:  5 in [/Users/prod/Sites/a/festimpro/app/views/matches/liste.ctp, line 18]
2010-02-23 10:02:52 Notice: Notice (8): Undefined offset:  6 in [/Users/prod/Sites/a/festimpro/app/views/matches/liste.ctp, line 21]
2010-02-23 10:14:29 Notice: Notice (8): Undefined offset:  1 in [/Users/prod/Sites/a/festimpro/app/views/matches/liste.ctp, line 6]
2010-02-23 10:14:29 Notice: Notice (8): Undefined offset:  2 in [/Users/prod/Sites/a/festimpro/app/views/matches/liste.ctp, line 9]
2010-02-23 10:14:29 Notice: Notice (8): Undefined offset:  3 in [/Users/prod/Sites/a/festimpro/app/views/matches/liste.ctp, line 12]
2010-02-23 10:14:29 Notice: Notice (8): Undefined offset:  4 in [/Users/prod/Sites/a/festimpro/app/views/matches/liste.ctp, line 15]
2010-02-23 10:14:29 Notice: Notice (8): Undefined offset:  5 in [/Users/prod/Sites/a/festimpro/app/views/matches/liste.ctp, line 18]
2010-02-23 10:14:29 Notice: Notice (8): Undefined offset:  6 in [/Users/prod/Sites/a/festimpro/app/views/matches/liste.ctp, line 21]
2010-02-23 10:14:30 Notice: Notice (8): Undefined offset:  1 in [/Users/prod/Sites/a/festimpro/app/views/matches/liste.ctp, line 6]
2010-02-23 10:14:30 Notice: Notice (8): Undefined offset:  2 in [/Users/prod/Sites/a/festimpro/app/views/matches/liste.ctp, line 9]
2010-02-23 10:14:30 Notice: Notice (8): Undefined offset:  3 in [/Users/prod/Sites/a/festimpro/app/views/matches/liste.ctp, line 12]
2010-02-23 10:14:30 Notice: Notice (8): Undefined offset:  4 in [/Users/prod/Sites/a/festimpro/app/views/matches/liste.ctp, line 15]
2010-02-23 10:14:30 Notice: Notice (8): Undefined offset:  5 in [/Users/prod/Sites/a/festimpro/app/views/matches/liste.ctp, line 18]
2010-02-23 10:14:30 Notice: Notice (8): Undefined offset:  6 in [/Users/prod/Sites/a/festimpro/app/views/matches/liste.ctp, line 21]
2010-02-23 11:02:08 Notice: Notice (8): Undefined property: ReservationsController::$Match in [/Users/prod/Sites/a/festimpro/app/controllers/reservations_controller.php, line 31]
2010-02-23 11:02:37 Notice: Notice (8): Undefined property: Reservation::$Utilisateur in [/Users/prod/Sites/a/festimpro/app/controllers/reservations_controller.php, line 36]
2010-02-23 11:02:38 Notice: Notice (8): Undefined property: Reservation::$Utilisateur in [/Users/prod/Sites/a/festimpro/app/controllers/reservations_controller.php, line 36]
2010-02-23 11:02:38 Notice: Notice (8): Undefined property: Reservation::$Utilisateur in [/Users/prod/Sites/a/festimpro/app/controllers/reservations_controller.php, line 36]
2010-02-23 11:05:38 Notice: Notice (8): Undefined property: ReservationsController::$Match in [/Users/prod/Sites/a/festimpro/app/controllers/reservations_controller.php, line 30]
2010-02-23 11:05:38 Notice: Notice (8): Undefined property: ReservationsController::$Match in [/Users/prod/Sites/a/festimpro/app/controllers/reservations_controller.php, line 30]
2010-02-23 11:05:44 Notice: Notice (8): Undefined variable: match in [/Users/prod/Sites/a/festimpro/app/views/reservations/nouvelle.ctp, line 6]
2010-02-23 11:05:44 Notice: Notice (8): Undefined variable: match in [/Users/prod/Sites/a/festimpro/app/views/reservations/nouvelle.ctp, line 13]
2010-02-23 11:17:26 Notice: Notice (8): Undefined index:  Utilisateur in [/Users/prod/Sites/a/festimpro/app/views/reservations/admin_index.ctp, line 22]
2010-02-23 11:36:32 Notice: Notice (8): Undefined variable: nombre_matches in [/Users/prod/Sites/a/festimpro/app/views/users/admin_home.ctp, line 3]
2010-02-23 11:44:38 Notice: Notice (8): Undefined property: UsersController::$Reservation in [/Users/prod/Sites/a/festimpro/app/controllers/users_controller.php, line 29]
2010-02-23 11:45:11 Notice: Notice (8): Undefined variable: reservation in [/Users/prod/Sites/a/festimpro/app/views/users/admin_home.ctp, line 4]
2010-02-23 11:45:36 Notice: Notice (8): Undefined offset:  0 in [/Users/prod/Sites/a/festimpro/app/views/users/admin_home.ctp, line 4]
2010-02-23 11:45:44 Notice: Notice (8): Undefined index:  Reservations in [/Users/prod/Sites/a/festimpro/app/views/users/admin_home.ctp, line 4]
2010-02-23 11:46:01 Notice: Notice (8): Undefined offset:  0 in [/Users/prod/Sites/a/festimpro/app/views/users/admin_home.ctp, line 4]
2010-02-23 11:46:26 Notice: Notice (8): Undefined index:  nombre_de_places in [/Users/prod/Sites/a/festimpro/app/views/users/admin_home.ctp, line 4]
2010-02-23 11:46:27 Notice: Notice (8): Undefined index:  nombre_de_places in [/Users/prod/Sites/a/festimpro/app/views/users/admin_home.ctp, line 4]
2010-02-23 12:12:41 Notice: Notice (8): Undefined index:  match_id in [/Users/prod/Sites/a/festimpro/app/controllers/users_controller.php, line 25]
2010-02-23 12:12:42 Notice: Notice (8): Undefined index:  match_id in [/Users/prod/Sites/a/festimpro/app/controllers/users_controller.php, line 25]
2010-02-23 12:12:43 Notice: Notice (8): Undefined index:  match_id in [/Users/prod/Sites/a/festimpro/app/controllers/users_controller.php, line 25]
2010-02-23 12:12:43 Notice: Notice (8): Undefined index:  match_id in [/Users/prod/Sites/a/festimpro/app/controllers/users_controller.php, line 25]
2010-02-23 12:17:50 Notice: Notice (8): Undefined variable: resultat in [/Users/prod/Sites/a/festimpro/app/views/users/admin_home.ctp, line 5]
2010-02-23 12:20:21 Notice: Notice (8): Undefined index:  Reservations in [/Users/prod/Sites/a/festimpro/app/controllers/users_controller.php, line 29]
2010-02-23 12:20:21 Notice: Notice (8): Undefined index:  nombre in [/Users/prod/Sites/a/festimpro/app/controllers/users_controller.php, line 29]
2010-02-23 12:20:22 Notice: Notice (8): Undefined index:  Reservations in [/Users/prod/Sites/a/festimpro/app/controllers/users_controller.php, line 29]
2010-02-23 12:20:22 Notice: Notice (8): Undefined index:  nombre in [/Users/prod/Sites/a/festimpro/app/controllers/users_controller.php, line 29]
2010-02-23 12:20:39 Notice: Notice (8): Undefined index:  Reservations in [/Users/prod/Sites/a/festimpro/app/controllers/users_controller.php, line 29]
2010-02-23 12:20:39 Notice: Notice (8): Undefined index:  nombre in [/Users/prod/Sites/a/festimpro/app/controllers/users_controller.php, line 29]
2010-02-23 12:20:39 Notice: Notice (8): Undefined index:  Reservations in [/Users/prod/Sites/a/festimpro/app/controllers/users_controller.php, line 29]
2010-02-23 12:20:39 Notice: Notice (8): Undefined index:  nombre in [/Users/prod/Sites/a/festimpro/app/controllers/users_controller.php, line 29]
2010-02-23 12:21:22 Notice: Notice (8): Undefined offset:  0 in [/Users/prod/Sites/a/festimpro/app/views/users/admin_home.ctp, line 5]
2010-02-24 10:21:18 Notice: Notice (8): Undefined variable: cakeDebug in [/Users/prod/Sites/a/festimpro/app/views/layouts/accueil.ctp, line 62]
2010-02-24 10:21:22 Notice: Notice (8): Undefined variable: cakeDebug in [/Users/prod/Sites/a/festimpro/app/views/layouts/accueil.ctp, line 62]
2010-02-24 10:22:29 Notice: Notice (8): Undefined variable: page_title in [/Users/prod/Sites/a/festimpro/app/views/layouts/flash.ctp, line 24]
2010-02-24 10:22:29 Notice: Notice (8): Undefined variable: url in [/Users/prod/Sites/a/festimpro/app/views/layouts/flash.ctp, line 36]
2010-02-24 10:22:29 Notice: Notice (8): Undefined variable: message in [/Users/prod/Sites/a/festimpro/app/views/layouts/flash.ctp, line 36]
2010-02-24 10:22:47 Notice: Notice (8): Undefined variable: page_title in [/Users/prod/Sites/a/festimpro/app/views/layouts/flash.ctp, line 24]
2010-02-24 10:22:47 Notice: Notice (8): Undefined variable: url in [/Users/prod/Sites/a/festimpro/app/views/layouts/flash.ctp, line 36]
2010-02-24 10:22:47 Notice: Notice (8): Undefined variable: message in [/Users/prod/Sites/a/festimpro/app/views/layouts/flash.ctp, line 36]
2010-02-24 10:22:48 Notice: Notice (8): Undefined variable: page_title in [/Users/prod/Sites/a/festimpro/app/views/layouts/flash.ctp, line 24]
2010-02-24 10:22:48 Notice: Notice (8): Undefined variable: url in [/Users/prod/Sites/a/festimpro/app/views/layouts/flash.ctp, line 36]
2010-02-24 10:22:48 Notice: Notice (8): Undefined variable: message in [/Users/prod/Sites/a/festimpro/app/views/layouts/flash.ctp, line 36]
2010-02-24 10:22:48 Notice: Notice (8): Undefined variable: page_title in [/Users/prod/Sites/a/festimpro/app/views/layouts/flash.ctp, line 24]
2010-02-24 10:22:48 Notice: Notice (8): Undefined variable: url in [/Users/prod/Sites/a/festimpro/app/views/layouts/flash.ctp, line 36]
2010-02-24 10:22:48 Notice: Notice (8): Undefined variable: message in [/Users/prod/Sites/a/festimpro/app/views/layouts/flash.ctp, line 36]
2010-02-24 10:22:56 Notice: Notice (8): Undefined variable: page_title in [/Users/prod/Sites/a/festimpro/app/views/layouts/flash.ctp, line 24]
2010-02-24 10:22:57 Notice: Notice (8): Undefined variable: page_title in [/Users/prod/Sites/a/festimpro/app/views/layouts/flash.ctp, line 24]
2010-02-24 10:22:58 Notice: Notice (8): Undefined variable: page_title in [/Users/prod/Sites/a/festimpro/app/views/layouts/flash.ctp, line 24]
2010-02-24 10:37:05 Notice: Notice (8): Undefined property: View::$Session in [/Users/prod/Sites/a/festimpro/app/views/layouts/default.ctp, line 43]
2010-02-24 10:37:18 Notice: Notice (8): Undefined property: View::$Session in [/Users/prod/Sites/a/festimpro/app/views/layouts/default.ctp, line 43]
2010-02-24 10:37:19 Notice: Notice (8): Undefined property: View::$Session in [/Users/prod/Sites/a/festimpro/app/views/layouts/default.ctp, line 43]
2010-02-24 10:37:23 Notice: Notice (8): Undefined property: View::$Session in [/Users/prod/Sites/a/festimpro/app/views/layouts/default.ctp, line 43]
2010-02-24 10:54:01 Notice: Notice (8): Undefined variable: radioOptions in [/Users/prod/Sites/a/festimpro/cake/libs/view/helpers/form.php, line 847]
2010-02-24 11:09:53 Notice: Notice (8): Undefined index:  Tarif in [/Users/prod/Sites/a/festimpro/app/views/matches/index.ctp, line 26]
2010-02-24 11:24:16 Notice: Notice (8): Undefined index:  Tarif in [/Users/prod/Sites/a/festimpro/app/views/matches/view.ctp, line 26]
2010-02-24 11:24:16 Notice: Notice (8): Undefined index:  utilisateur_id in [/Users/prod/Sites/a/festimpro/app/views/matches/view.ctp, line 68]
2010-02-24 11:24:32 Notice: Notice (8): Undefined index:  Tarif in [/Users/prod/Sites/a/festimpro/app/views/matches/view.ctp, line 26]
2010-02-24 11:24:32 Notice: Notice (8): Undefined index:  utilisateur_id in [/Users/prod/Sites/a/festimpro/app/views/matches/view.ctp, line 68]
2010-02-24 12:13:41 Notice: Notice (8): Undefined index:  id in [/Users/prod/Sites/a/festimpro/app/controllers/reservations_controller.php, line 29]
2010-02-24 12:14:12 Notice: Notice (8): Array to string conversion in [/Users/prod/Sites/a/festimpro/cake/libs/router.php, line 1495]
2010-02-24 12:14:15 Notice: Notice (8): Array to string conversion in [/Users/prod/Sites/a/festimpro/cake/libs/router.php, line 1495]
2010-02-25 09:42:00 Notice: Notice (8): Undefined property: ReservationsController::$Reservations in [/Users/prod/Sites/a/festimpro/app/controllers/reservations_controller.php, line 29]
2010-02-25 09:42:00 Notice: Notice (8): Trying to get property of non-object in [/Users/prod/Sites/a/festimpro/app/controllers/reservations_controller.php, line 29]
2010-02-25 09:42:08 Notice: Notice (8): Undefined property: ReservationsController::$Reservations in [/Users/prod/Sites/a/festimpro/app/controllers/reservations_controller.php, line 29]
2010-02-25 09:42:08 Notice: Notice (8): Trying to get property of non-object in [/Users/prod/Sites/a/festimpro/app/controllers/reservations_controller.php, line 29]
2010-02-25 09:47:41 Notice: Notice (8): Trying to get property of non-object in [/Users/prod/Sites/a/festimpro/app/controllers/reservations_controller.php, line 43]
2010-02-25 09:47:41 Notice: Notice (8): Trying to get property of non-object in [/Users/prod/Sites/a/festimpro/app/controllers/reservations_controller.php, line 43]
2010-02-25 09:49:01 Notice: Notice (8): Trying to get property of non-object in [/Users/prod/Sites/a/festimpro/app/controllers/reservations_controller.php, line 43]
2010-02-25 09:49:02 Notice: Notice (8): Trying to get property of non-object in [/Users/prod/Sites/a/festimpro/app/controllers/reservations_controller.php, line 43]
2010-02-25 09:49:10 Notice: Notice (8): Trying to get property of non-object in [/Users/prod/Sites/a/festimpro/app/controllers/reservations_controller.php, line 43]
2010-02-25 09:49:11 Notice: Notice (8): Trying to get property of non-object in [/Users/prod/Sites/a/festimpro/app/controllers/reservations_controller.php, line 43]
2010-02-25 09:49:14 Notice: Notice (8): Trying to get property of non-object in [/Users/prod/Sites/a/festimpro/app/controllers/reservations_controller.php, line 43]
2010-02-25 09:49:14 Notice: Notice (8): Trying to get property of non-object in [/Users/prod/Sites/a/festimpro/app/controllers/reservations_controller.php, line 43]
2010-02-25 09:49:33 Notice: Notice (8): Undefined variable: salle in [/Users/prod/Sites/a/festimpro/app/views/reservations/confirmation.ctp, line 10]
2010-02-25 09:50:35 Notice: Notice (8): Trying to get property of non-object in [/Users/prod/Sites/a/festimpro/app/controllers/reservations_controller.php, line 44]
2010-02-25 09:50:35 Notice: Notice (8): Undefined variable: salle in [/Users/prod/Sites/a/festimpro/app/views/reservations/confirmation.ctp, line 10]
2010-02-25 09:50:35 Notice: Notice (8): Trying to get property of non-object in [/Users/prod/Sites/a/festimpro/app/controllers/reservations_controller.php, line 44]
2010-02-25 09:50:35 Notice: Notice (8): Undefined variable: salle in [/Users/prod/Sites/a/festimpro/app/views/reservations/confirmation.ctp, line 10]
2010-02-25 09:51:12 Notice: Notice (8): Undefined index:  id in [/Users/prod/Sites/a/festimpro/app/controllers/reservations_controller.php, line 44]
2010-02-25 09:51:12 Notice: Notice (8): Undefined variable: salle in [/Users/prod/Sites/a/festimpro/app/views/reservations/confirmation.ctp, line 10]
2010-02-25 09:51:12 Notice: Notice (8): Undefined index:  id in [/Users/prod/Sites/a/festimpro/app/controllers/reservations_controller.php, line 44]
2010-02-25 09:51:12 Notice: Notice (8): Undefined variable: salle in [/Users/prod/Sites/a/festimpro/app/views/reservations/confirmation.ctp, line 10]
2010-02-25 09:51:43 Notice: Notice (8): Undefined variable: salle in [/Users/prod/Sites/a/festimpro/app/views/reservations/confirmation.ctp, line 10]
2010-02-25 09:55:30 Notice: Notice (8): Undefined variable: samme in [/Users/prod/Sites/a/festimpro/app/views/reservations/confirmation.ctp, line 13]
2010-02-25 09:55:40 Notice: Notice (8): Undefined variable: samme in [/Users/prod/Sites/a/festimpro/app/views/reservations/confirmation.ctp, line 13]
2010-02-25 09:55:41 Notice: Notice (8): Undefined variable: samme in [/Users/prod/Sites/a/festimpro/app/views/reservations/confirmation.ctp, line 13]
2010-02-25 09:59:59 Notice: Notice (8): Undefined variable: reservations in [/Users/prod/Sites/a/festimpro/app/views/reservations/confirmation.ctp, line 6]
2010-02-25 10:42:49 Notice: Notice (8): Undefined variable: session in [/Users/prod/Sites/a/festimpro/app/views/users/login.ctp, line 4]
2010-02-25 10:43:35 Notice: Notice (8): Undefined property: View::$Session in [/Users/prod/Sites/a/festimpro/app/views/users/login.ctp, line 4]
2010-02-25 10:44:42 Notice: Notice (8): Undefined property: View::$Session in [/Users/prod/Sites/a/festimpro/app/views/users/login.ctp, line 4]
2010-02-25 10:44:43 Notice: Notice (8): Undefined property: View::$Session in [/Users/prod/Sites/a/festimpro/app/views/users/login.ctp, line 4]
2010-02-25 10:45:00 Notice: Notice (8): Undefined property: View::$Session in [/Users/prod/Sites/a/festimpro/app/views/users/login.ctp, line 4]
2010-02-25 10:45:23 Notice: Notice (8): Undefined property: View::$Session in [/Users/prod/Sites/a/festimpro/app/views/users/login.ctp, line 4]
2010-02-25 10:45:32 Notice: Notice (8): Undefined property: View::$Session in [/Users/prod/Sites/a/festimpro/app/views/users/login.ctp, line 4]
2010-02-25 10:45:32 Notice: Notice (8): Undefined property: View::$Session in [/Users/prod/Sites/a/festimpro/app/views/users/login.ctp, line 4]
2010-02-25 10:45:37 Notice: Notice (8): Undefined property: View::$Session in [/Users/prod/Sites/a/festimpro/app/views/users/login.ctp, line 4]
2010-02-25 10:45:46 Notice: Notice (8): Undefined variable: session in [/Users/prod/Sites/a/festimpro/app/views/users/login.ctp, line 4]
2010-02-25 10:46:32 Notice: Notice (8): Undefined property: View::$Session in [/Users/prod/Sites/a/festimpro/app/views/users/login.ctp, line 4]
2010-02-25 10:47:24 Notice: Notice (8): Undefined variable: session in [/Users/prod/Sites/a/festimpro/app/views/users/login.ctp, line 4]
2010-02-25 10:47:24 Notice: Notice (8): Undefined variable: session in [/Users/prod/Sites/a/festimpro/app/views/users/login.ctp, line 4]
2010-02-25 10:47:56 Notice: Notice (8): Undefined variable: session in [/Users/prod/Sites/a/festimpro/app/views/users/login.ctp, line 4]
2010-02-25 10:47:56 Notice: Notice (8): Undefined variable: session in [/Users/prod/Sites/a/festimpro/app/views/users/login.ctp, line 4]
2010-02-25 10:47:57 Notice: Notice (8): Undefined variable: session in [/Users/prod/Sites/a/festimpro/app/views/users/login.ctp, line 4]
2010-02-25 10:48:30 Notice: Notice (8): Undefined variable: session in [/Users/prod/Sites/a/festimpro/app/views/users/login.ctp, line 4]
2010-02-25 10:48:32 Notice: Notice (8): Undefined variable: session in [/Users/prod/Sites/a/festimpro/app/views/users/login.ctp, line 4]
2010-02-25 10:51:34 Notice: Notice (8): Undefined variable: session in [/Users/prod/Sites/a/festimpro/app/views/users/login.ctp, line 4]
2010-02-25 10:52:07 Notice: Notice (8): Undefined variable: session in [/Users/prod/Sites/a/festimpro/app/views/users/login.ctp, line 4]
2010-02-25 10:52:09 Notice: Notice (8): Undefined variable: session in [/Users/prod/Sites/a/festimpro/app/views/users/login.ctp, line 4]
2010-02-25 10:52:10 Notice: Notice (8): Undefined variable: session in [/Users/prod/Sites/a/festimpro/app/views/users/login.ctp, line 4]
2010-02-25 10:52:18 Notice: Notice (8): Undefined variable: session in [/Users/prod/Sites/a/festimpro/app/views/users/login.ctp, line 4]
2010-02-25 10:52:39 Notice: Notice (8): Undefined variable: session in [/Users/prod/Sites/a/festimpro/app/views/users/login.ctp, line 4]
2010-02-25 10:54:47 Notice: Notice (8): Undefined property: View::$Session in [/Users/prod/Sites/a/festimpro/app/views/layouts/admin.ctp, line 43]
2010-02-25 10:54:53 Notice: Notice (8): Undefined property: View::$Session in [/Users/prod/Sites/a/festimpro/app/views/layouts/admin.ctp, line 43]
2010-02-25 10:57:03 Notice: Notice (8): Undefined variable: session in [/Users/prod/Sites/a/festimpro/app/views/users/login.ctp, line 4]
2010-02-25 10:57:07 Notice: Notice (8): Undefined property: View::$Session in [/Users/prod/Sites/a/festimpro/app/views/layouts/admin.ctp, line 43]
2010-02-25 10:57:11 Notice: Notice (8): Undefined property: View::$Session in [/Users/prod/Sites/a/festimpro/app/views/layouts/admin.ctp, line 43]
2010-02-25 10:58:38 Notice: Notice (8): Undefined variable: Session in [/Users/prod/Sites/a/festimpro/app/views/users/login.ctp, line 4]
2010-02-25 10:58:39 Notice: Notice (8): Undefined variable: Session in [/Users/prod/Sites/a/festimpro/app/views/users/login.ctp, line 4]
2010-02-25 10:59:20 Notice: Notice (8): Undefined variable: session in [/Users/prod/Sites/a/festimpro/app/views/layouts/admin.ctp, line 43]
2010-02-25 10:59:22 Notice: Notice (8): Undefined variable: session in [/Users/prod/Sites/a/festimpro/app/views/layouts/admin.ctp, line 43]
2010-02-25 10:59:25 Notice: Notice (8): Undefined variable: session in [/Users/prod/Sites/a/festimpro/app/views/layouts/admin.ctp, line 43]
2010-02-25 10:59:29 Notice: Notice (8): Undefined variable: Session in [/Users/prod/Sites/a/festimpro/app/views/layouts/admin.ctp, line 43]
2010-02-25 10:59:35 Notice: Notice (8): Undefined property: View::$Session in [/Users/prod/Sites/a/festimpro/app/views/layouts/admin.ctp, line 43]
2010-02-25 11:01:06 Notice: Notice (8): Undefined property: View::$Session in [/Users/prod/Sites/a/festimpro/app/views/layouts/admin.ctp, line 44]
2010-02-25 11:01:06 Notice: Notice (8): Undefined property: View::$Session in [/Users/prod/Sites/a/festimpro/app/views/layouts/admin.ctp, line 44]
2010-02-25 11:01:07 Notice: Notice (8): Undefined property: View::$Session in [/Users/prod/Sites/a/festimpro/app/views/layouts/admin.ctp, line 44]
2010-02-25 11:28:09 Notice: Notice (8): Undefined variable: nombre_matches in [/Users/prod/Sites/a/festimpro/app/views/users/admin_home.ctp, line 3]
2010-02-25 11:28:09 Notice: Notice (8): Undefined variable: resultats in [/Users/prod/Sites/a/festimpro/app/views/users/admin_home.ctp, line 5]
2010-02-25 11:28:09 Notice: Notice (8): Undefined variable: matches in [/Users/prod/Sites/a/festimpro/app/views/users/admin_home.ctp, line 9]
2010-02-25 11:28:09 Notice: Notice (8): Undefined variable: matches in [/Users/prod/Sites/a/festimpro/app/views/users/admin_home.ctp, line 12]
2010-02-25 11:28:09 Notice: Notice (8): Undefined variable: matches in [/Users/prod/Sites/a/festimpro/app/views/users/admin_home.ctp, line 15]
2010-02-25 11:28:09 Notice: Notice (8): Undefined variable: matches in [/Users/prod/Sites/a/festimpro/app/views/users/admin_home.ctp, line 18]
2010-02-25 11:28:09 Notice: Notice (8): Undefined variable: matches in [/Users/prod/Sites/a/festimpro/app/views/users/admin_home.ctp, line 21]
2010-02-25 11:28:09 Notice: Notice (8): Undefined variable: matches in [/Users/prod/Sites/a/festimpro/app/views/users/admin_home.ctp, line 24]
2010-02-25 11:28:09 Notice: Notice (8): Undefined variable: matches in [/Users/prod/Sites/a/festimpro/app/views/users/admin_home.ctp, line 27]
2010-02-25 12:08:43 Notice: Notice (8): Undefined variable: match in [/Users/prod/Sites/a/festimpro/app/controllers/reservations_controller.php, line 19]
2010-02-25 12:14:01 Notice: Notice (8): Undefined property: Reservation::$match_id in [/Users/prod/Sites/a/festimpro/app/controllers/reservations_controller.php, line 116]
2010-02-25 12:14:54 Notice: Notice (8): Undefined property: Reservation::$match_id in [/Users/prod/Sites/a/festimpro/app/controllers/reservations_controller.php, line 116]
2010-02-25 12:15:19 Notice: Notice (8): Undefined variable: match_id in [/Users/prod/Sites/a/festimpro/app/controllers/reservations_controller.php, line 19]
2010-02-25 12:15:30 Notice: Notice (8): Undefined variable: match_id in [/Users/prod/Sites/a/festimpro/app/controllers/reservations_controller.php, line 19]
2010-02-25 12:15:31 Notice: Notice (8): Undefined variable: match_id in [/Users/prod/Sites/a/festimpro/app/controllers/reservations_controller.php, line 19]
2010-02-25 12:15:42 Notice: Notice (8): Undefined variable: match_id in [/Users/prod/Sites/a/festimpro/app/controllers/reservations_controller.php, line 19]
2010-02-25 12:15:42 Notice: Notice (8): Undefined variable: match_id in [/Users/prod/Sites/a/festimpro/app/controllers/reservations_controller.php, line 19]
2010-02-25 12:16:04 Notice: Notice (8): Undefined property: Reservation::$match_id in [/Users/prod/Sites/a/festimpro/app/controllers/reservations_controller.php, line 116]
2010-02-26 10:14:09 Notice: Notice (8): Undefined property: Match::$Tarif in [/Users/prod/Sites/a/festimpro/app/controllers/matches_controller.php, line 56]
2010-02-26 10:23:51 Notice: Notice (8): Undefined property: Match::$type in [/Users/prod/Sites/a/festimpro/app/controllers/matches_controller.php, line 57]
2010-02-26 10:23:51 Notice: Notice (8): Undefined property: Match::$type in [/Users/prod/Sites/a/festimpro/app/controllers/matches_controller.php, line 57]
2010-02-26 10:24:38 Notice: Notice (8): Undefined property: Match::$type in [/Users/prod/Sites/a/festimpro/app/controllers/matches_controller.php, line 57]
2010-02-26 10:24:39 Notice: Notice (8): Undefined property: Match::$type in [/Users/prod/Sites/a/festimpro/app/controllers/matches_controller.php, line 57]
2010-02-26 10:25:43 Notice: Notice (8): Undefined property: Match::$type in [/Users/prod/Sites/a/festimpro/app/controllers/matches_controller.php, line 57]
2010-02-26 10:25:43 Notice: Notice (8): Undefined property: Match::$type in [/Users/prod/Sites/a/festimpro/app/controllers/matches_controller.php, line 57]
2010-02-26 10:25:44 Notice: Notice (8): Undefined property: Match::$type in [/Users/prod/Sites/a/festimpro/app/controllers/matches_controller.php, line 57]
2010-02-26 10:25:44 Notice: Notice (8): Undefined property: Match::$type in [/Users/prod/Sites/a/festimpro/app/controllers/matches_controller.php, line 57]
2010-02-26 10:26:12 Notice: Notice (8): Undefined property: Match::$type in [/Users/prod/Sites/a/festimpro/app/controllers/matches_controller.php, line 57]
2010-02-26 10:26:12 Notice: Notice (8): Undefined property: Match::$type in [/Users/prod/Sites/a/festimpro/app/controllers/matches_controller.php, line 57]
2010-02-26 10:26:22 Notice: Notice (8): Undefined property: Match::$recontre in [/Users/prod/Sites/a/festimpro/app/controllers/matches_controller.php, line 57]
2010-02-26 10:26:22 Notice: Notice (8): Undefined property: Match::$recontre in [/Users/prod/Sites/a/festimpro/app/controllers/matches_controller.php, line 57]
2010-02-26 10:26:26 Notice: Notice (8): Undefined property: Match::$rencontre in [/Users/prod/Sites/a/festimpro/app/controllers/matches_controller.php, line 57]
2010-02-26 10:26:27 Notice: Notice (8): Undefined property: Match::$rencontre in [/Users/prod/Sites/a/festimpro/app/controllers/matches_controller.php, line 57]
2010-02-26 10:29:11 Notice: Notice (8): Undefined property: Match::$rencontre in [/Users/prod/Sites/a/festimpro/app/controllers/matches_controller.php, line 57]
2010-02-26 10:29:11 Notice: Notice (8): Undefined property: Match::$rencontre in [/Users/prod/Sites/a/festimpro/app/controllers/matches_controller.php, line 57]
2010-02-26 10:30:38 Notice: Notice (8): Undefined variable: type in [/Users/prod/Sites/a/festimpro/app/views/matches/admin_edit.ctp, line 5]
2010-02-26 10:30:38 Notice: Notice (8): Undefined index:  match in [/Users/prod/Sites/a/festimpro/app/views/matches/admin_edit.ctp, line 15]
2010-02-26 10:30:48 Notice: Notice (8): Undefined index:  match in [/Users/prod/Sites/a/festimpro/app/views/matches/admin_edit.ctp, line 15]
2010-02-26 10:43:33 Notice: Notice (8): Undefined variable: reservation in [/Users/prod/Sites/a/festimpro/app/views/reservations/admin_edit.ctp, line 19]
2010-02-26 10:43:33 Notice: Notice (8): Undefined variable: reservation in [/Users/prod/Sites/a/festimpro/app/views/reservations/admin_edit.ctp, line 20]
2010-02-26 10:44:47 Notice: Notice (8): Undefined variable: reservation in [/Users/prod/Sites/a/festimpro/app/views/reservations/admin_edit.ctp, line 19]
2010-02-26 10:44:47 Notice: Notice (8): Undefined variable: reservation in [/Users/prod/Sites/a/festimpro/app/views/reservations/admin_edit.ctp, line 20]
2010-02-26 10:46:48 Notice: Notice (8): Undefined index:  Tarif in [/Users/prod/Sites/a/festimpro/app/views/matches/admin_view.ctp, line 26]
2010-02-26 10:46:48 Notice: Notice (8): Undefined index:  utilisateur_id in [/Users/prod/Sites/a/festimpro/app/views/matches/admin_view.ctp, line 68]
2010-02-26 10:47:17 Notice: Notice (8): Undefined index:  Tarif in [/Users/prod/Sites/a/festimpro/app/views/matches/admin_view.ctp, line 26]
2010-02-26 10:47:17 Notice: Notice (8): Undefined index:  utilisateur_id in [/Users/prod/Sites/a/festimpro/app/views/matches/admin_view.ctp, line 68]
2010-02-26 11:09:51 Notice: Notice (8): Undefined index:  Tarif in [/Users/prod/Sites/a/festimpro/app/views/matches/admin_view.ctp, line 26]
2010-02-26 11:09:51 Notice: Notice (8): Undefined index:  utilisateur_id in [/Users/prod/Sites/a/festimpro/app/views/matches/admin_view.ctp, line 68]
2010-02-26 11:10:04 Notice: Notice (8): Undefined index:  Tarif in [/Users/prod/Sites/a/festimpro/app/views/matches/admin_view.ctp, line 26]
2010-02-26 11:10:04 Notice: Notice (8): Undefined index:  utilisateur_id in [/Users/prod/Sites/a/festimpro/app/views/matches/admin_view.ctp, line 68]
2010-02-26 11:10:43 Notice: Notice (8): Undefined index:  utilisateur_id in [/Users/prod/Sites/a/festimpro/app/views/matches/admin_view.ctp, line 68]
2010-02-26 11:11:13 Notice: Notice (8): Undefined index:  utilisateur_id in [/Users/prod/Sites/a/festimpro/app/views/matches/admin_view.ctp, line 60]
2010-02-26 11:11:55 Notice: Notice (8): Undefined index:  utilisateur_id in [/Users/prod/Sites/a/festimpro/app/views/matches/admin_view.ctp, line 60]
2010-02-26 11:12:22 Notice: Notice (8): Undefined index:  utilisateur_id in [/Users/prod/Sites/a/festimpro/app/views/matches/admin_view.ctp, line 60]
2010-02-26 11:12:31 Notice: Notice (8): Undefined index:  utilisateur_id in [/Users/prod/Sites/a/festimpro/app/views/matches/admin_view.ctp, line 60]
2010-02-26 11:15:14 Notice: Notice (8): Undefined index:  tarif in [/Users/prod/Sites/a/festimpro/app/views/matches/admin_view.ctp, line 65]
2010-02-26 11:15:20 Notice: Notice (8): Undefined index:  Tarif in [/Users/prod/Sites/a/festimpro/app/views/matches/admin_view.ctp, line 65]
2010-02-26 11:15:49 Notice: Notice (8): Undefined index:  Tarif in [/Users/prod/Sites/a/festimpro/app/views/matches/admin_view.ctp, line 65]
2010-02-26 11:15:51 Notice: Notice (8): Undefined index:  Tarif in [/Users/prod/Sites/a/festimpro/app/views/matches/admin_view.ctp, line 65]
2010-02-26 11:16:17 Notice: Notice (8): Undefined index:  Tarif in [/Users/prod/Sites/a/festimpro/app/views/matches/admin_view.ctp, line 66]
2010-02-26 11:16:28 Notice: Notice (8): Undefined index:  Tarif in [/Users/prod/Sites/a/festimpro/app/views/matches/admin_view.ctp, line 66]
2010-02-26 11:57:42 Notice: Notice (8): Undefined variable: reservation in [/Users/prod/Sites/a/festimpro/app/views/reservations/admin_liste.ctp, line 2]
2010-02-26 12:04:06 Notice: Notice (8): Undefined variable: reservation in [/Users/prod/Sites/a/festimpro/app/views/reservations/admin_liste.ctp, line 2]
2010-02-26 12:35:45 Notice: Notice (8): Undefined variable: match_id in [/Users/prod/Sites/a/festimpro/app/views/matches/admin_view.ctp, line 36]
2010-02-26 12:35:45 Notice: Notice (8): Undefined variable: nombre_de_reservations in [/Users/prod/Sites/a/festimpro/app/views/matches/admin_view.ctp, line 36]
2010-02-26 12:35:45 Notice: Notice (8): Undefined variable: match_id in [/Users/prod/Sites/a/festimpro/app/views/matches/admin_view.ctp, line 41]
2010-02-26 12:35:45 Notice: Notice (8): Undefined variable: resultats in [/Users/prod/Sites/a/festimpro/app/views/matches/admin_view.ctp, line 41]
2010-02-26 12:36:20 Notice: Notice (8): Undefined variable: match_id in [/Users/prod/Sites/a/festimpro/app/views/matches/admin_view.ctp, line 36]
2010-02-26 12:36:20 Notice: Notice (8): Undefined variable: nombre_de_reservations in [/Users/prod/Sites/a/festimpro/app/views/matches/admin_view.ctp, line 36]
2010-02-26 12:36:20 Notice: Notice (8): Undefined variable: match_id in [/Users/prod/Sites/a/festimpro/app/views/matches/admin_view.ctp, line 41]
2010-02-26 12:36:20 Notice: Notice (8): Undefined variable: resultats in [/Users/prod/Sites/a/festimpro/app/views/matches/admin_view.ctp, line 41]
2010-02-26 12:36:24 Notice: Notice (8): Undefined variable: match_id in [/Users/prod/Sites/a/festimpro/app/views/matches/admin_view.ctp, line 36]
2010-02-26 12:36:24 Notice: Notice (8): Undefined variable: nombre_de_reservations in [/Users/prod/Sites/a/festimpro/app/views/matches/admin_view.ctp, line 36]
2010-02-26 12:36:24 Notice: Notice (8): Undefined variable: match_id in [/Users/prod/Sites/a/festimpro/app/views/matches/admin_view.ctp, line 41]
2010-02-26 12:36:24 Notice: Notice (8): Undefined variable: resultats in [/Users/prod/Sites/a/festimpro/app/views/matches/admin_view.ctp, line 41]
2010-02-26 12:36:31 Notice: Notice (8): Undefined variable: match_id in [/Users/prod/Sites/a/festimpro/app/views/matches/admin_view.ctp, line 36]
2010-02-26 12:36:31 Notice: Notice (8): Undefined variable: nombre_de_reservations in [/Users/prod/Sites/a/festimpro/app/views/matches/admin_view.ctp, line 36]
2010-02-26 12:36:31 Notice: Notice (8): Undefined variable: match_id in [/Users/prod/Sites/a/festimpro/app/views/matches/admin_view.ctp, line 41]
2010-02-26 12:36:31 Notice: Notice (8): Undefined variable: resultats in [/Users/prod/Sites/a/festimpro/app/views/matches/admin_view.ctp, line 41]
2010-02-26 12:39:36 Notice: Notice (8): Undefined property: MatchesController::$Reservation in [/Users/prod/Sites/a/festimpro/app/controllers/matches_controller.php, line 25]
2010-02-26 12:40:30 Notice: Notice (8): Undefined variable: match_id in [/Users/prod/Sites/a/festimpro/app/views/matches/admin_view.ctp, line 37]
2010-02-26 12:40:30 Notice: Notice (8): Undefined index:   in [/Users/prod/Sites/a/festimpro/app/views/matches/admin_view.ctp, line 37]
2010-02-26 12:40:30 Notice: Notice (8): Undefined variable: match_id in [/Users/prod/Sites/a/festimpro/app/views/matches/admin_view.ctp, line 42]
2010-02-26 12:40:30 Notice: Notice (8): Undefined variable: resultats in [/Users/prod/Sites/a/festimpro/app/views/matches/admin_view.ctp, line 42]
2010-02-26 12:40:50 Notice: Notice (8): Undefined property: MatchesController::$Reservation in [/Users/prod/Sites/a/festimpro/app/controllers/matches_controller.php, line 26]
2010-02-26 12:40:59 Notice: Notice (8): Undefined variable: match_id in [/Users/prod/Sites/a/festimpro/app/views/matches/admin_view.ctp, line 37]
2010-02-26 12:40:59 Notice: Notice (8): Undefined index:   in [/Users/prod/Sites/a/festimpro/app/views/matches/admin_view.ctp, line 37]
2010-02-26 12:40:59 Notice: Notice (8): Undefined variable: match_id in [/Users/prod/Sites/a/festimpro/app/views/matches/admin_view.ctp, line 42]
2010-02-26 12:40:59 Notice: Notice (8): Undefined variable: resultats in [/Users/prod/Sites/a/festimpro/app/views/matches/admin_view.ctp, line 42]
2010-02-26 12:41:16 Notice: Notice (8): Undefined variable: match_id in [/Users/prod/Sites/a/festimpro/app/views/matches/admin_view.ctp, line 37]
2010-02-26 12:41:16 Notice: Notice (8): Undefined index:   in [/Users/prod/Sites/a/festimpro/app/views/matches/admin_view.ctp, line 37]
2010-02-26 12:41:16 Notice: Notice (8): Undefined variable: match_id in [/Users/prod/Sites/a/festimpro/app/views/matches/admin_view.ctp, line 42]
2010-02-26 12:41:16 Notice: Notice (8): Undefined variable: resultats in [/Users/prod/Sites/a/festimpro/app/views/matches/admin_view.ctp, line 42]
2010-02-26 12:41:47 Notice: Notice (8): Undefined variable: match_id in [/Users/prod/Sites/a/festimpro/app/views/matches/admin_view.ctp, line 37]
2010-02-26 12:41:47 Notice: Notice (8): Undefined index:   in [/Users/prod/Sites/a/festimpro/app/views/matches/admin_view.ctp, line 37]
2010-02-26 12:41:47 Notice: Notice (8): Undefined variable: match_id in [/Users/prod/Sites/a/festimpro/app/views/matches/admin_view.ctp, line 42]
2010-02-26 12:41:47 Notice: Notice (8): Undefined variable: resultats in [/Users/prod/Sites/a/festimpro/app/views/matches/admin_view.ctp, line 42]
2010-02-26 12:42:54 Notice: Notice (8): Undefined variable: match_id in [/Users/prod/Sites/a/festimpro/app/views/matches/admin_view.ctp, line 37]
2010-02-26 12:42:54 Notice: Notice (8): Undefined variable: match_id in [/Users/prod/Sites/a/festimpro/app/views/matches/admin_view.ctp, line 42]
2010-02-26 12:42:54 Notice: Notice (8): Undefined variable: resultats in [/Users/prod/Sites/a/festimpro/app/views/matches/admin_view.ctp, line 42]
2010-02-26 12:43:06 Notice: Notice (8): Undefined variable: match_id in [/Users/prod/Sites/a/festimpro/app/views/matches/admin_view.ctp, line 37]
2010-02-26 12:43:06 Notice: Notice (8): Undefined index:   in [/Users/prod/Sites/a/festimpro/app/views/matches/admin_view.ctp, line 37]
2010-02-26 12:43:06 Notice: Notice (8): Undefined variable: match_id in [/Users/prod/Sites/a/festimpro/app/views/matches/admin_view.ctp, line 42]
2010-02-26 12:43:06 Notice: Notice (8): Undefined variable: resultats in [/Users/prod/Sites/a/festimpro/app/views/matches/admin_view.ctp, line 42]
2010-02-26 12:43:41 Notice: Notice (8): Undefined variable: match_id in [/Users/prod/Sites/a/festimpro/app/views/matches/admin_view.ctp, line 37]
2010-02-26 12:46:44 Notice: Notice (8): Undefined index:  Match in [/Users/prod/Sites/a/festimpro/app/views/matches/admin_view.ctp, line 2]
2010-02-26 12:46:44 Notice: Notice (8): Undefined index:  Match in [/Users/prod/Sites/a/festimpro/app/views/matches/admin_view.ctp, line 6]
2010-02-26 12:46:44 Notice: Notice (8): Undefined index:  Match in [/Users/prod/Sites/a/festimpro/app/views/matches/admin_view.ctp, line 11]
2010-02-26 12:46:44 Notice: Notice (8): Undefined index:  Match in [/Users/prod/Sites/a/festimpro/app/views/matches/admin_view.ctp, line 16]
2010-02-26 12:46:44 Notice: Notice (8): Undefined index:  Salle in [/Users/prod/Sites/a/festimpro/app/views/matches/admin_view.ctp, line 21]
2010-02-26 12:46:44 Notice: Notice (8): Undefined index:  Match in [/Users/prod/Sites/a/festimpro/app/views/matches/admin_view.ctp, line 26]
2010-02-26 12:46:44 Notice: Notice (8): Undefined index:  Salle in [/Users/prod/Sites/a/festimpro/app/views/matches/admin_view.ctp, line 31]
2010-02-26 12:46:44 Notice: Notice (8): Undefined index:  Salle in [/Users/prod/Sites/a/festimpro/app/views/matches/admin_view.ctp, line 41]
2010-02-26 12:46:44 Notice: Notice (8): Undefined index:  Match in [/Users/prod/Sites/a/festimpro/app/views/matches/admin_view.ctp, line 51]
2010-02-26 12:47:40 Notice: Notice (8): Undefined index:  Match in [/Users/prod/Sites/a/festimpro/app/views/matches/admin_view.ctp, line 2]
2010-02-26 12:47:40 Notice: Notice (8): Undefined index:  Match in [/Users/prod/Sites/a/festimpro/app/views/matches/admin_view.ctp, line 6]
2010-02-26 12:47:40 Notice: Notice (8): Undefined index:  Match in [/Users/prod/Sites/a/festimpro/app/views/matches/admin_view.ctp, line 11]
2010-02-26 12:47:40 Notice: Notice (8): Undefined index:  Match in [/Users/prod/Sites/a/festimpro/app/views/matches/admin_view.ctp, line 16]
2010-02-26 12:47:40 Notice: Notice (8): Undefined index:  Salle in [/Users/prod/Sites/a/festimpro/app/views/matches/admin_view.ctp, line 21]
2010-02-26 12:47:40 Notice: Notice (8): Undefined index:  Match in [/Users/prod/Sites/a/festimpro/app/views/matches/admin_view.ctp, line 26]
2010-02-26 12:47:40 Notice: Notice (8): Undefined index:  Salle in [/Users/prod/Sites/a/festimpro/app/views/matches/admin_view.ctp, line 31]
2010-02-26 12:47:40 Notice: Notice (8): Undefined index:  Salle in [/Users/prod/Sites/a/festimpro/app/views/matches/admin_view.ctp, line 41]
2010-02-26 12:47:40 Notice: Notice (8): Undefined index:  Match in [/Users/prod/Sites/a/festimpro/app/views/matches/admin_view.ctp, line 51]
2010-02-26 12:48:55 Notice: Notice (8): Undefined index:  Match in [/Users/prod/Sites/a/festimpro/app/views/matches/admin_view.ctp, line 2]
2010-02-26 12:48:55 Notice: Notice (8): Undefined index:  Match in [/Users/prod/Sites/a/festimpro/app/views/matches/admin_view.ctp, line 6]
2010-02-26 12:48:55 Notice: Notice (8): Undefined index:  Match in [/Users/prod/Sites/a/festimpro/app/views/matches/admin_view.ctp, line 11]
2010-02-26 12:48:55 Notice: Notice (8): Undefined index:  Match in [/Users/prod/Sites/a/festimpro/app/views/matches/admin_view.ctp, line 16]
2010-02-26 12:48:55 Notice: Notice (8): Undefined index:  Salle in [/Users/prod/Sites/a/festimpro/app/views/matches/admin_view.ctp, line 21]
2010-02-26 12:48:55 Notice: Notice (8): Undefined index:  Match in [/Users/prod/Sites/a/festimpro/app/views/matches/admin_view.ctp, line 26]
2010-02-26 12:48:55 Notice: Notice (8): Undefined index:  Salle in [/Users/prod/Sites/a/festimpro/app/views/matches/admin_view.ctp, line 31]
2010-02-26 12:48:55 Notice: Notice (8): Undefined index:  Salle in [/Users/prod/Sites/a/festimpro/app/views/matches/admin_view.ctp, line 41]
2010-02-26 12:48:55 Notice: Notice (8): Undefined index:  Match in [/Users/prod/Sites/a/festimpro/app/views/matches/admin_view.ctp, line 51]
2010-02-26 12:48:56 Notice: Notice (8): Undefined index:  Match in [/Users/prod/Sites/a/festimpro/app/views/matches/admin_view.ctp, line 2]
2010-02-26 12:48:56 Notice: Notice (8): Undefined index:  Match in [/Users/prod/Sites/a/festimpro/app/views/matches/admin_view.ctp, line 6]
2010-02-26 12:48:56 Notice: Notice (8): Undefined index:  Match in [/Users/prod/Sites/a/festimpro/app/views/matches/admin_view.ctp, line 11]
2010-02-26 12:48:56 Notice: Notice (8): Undefined index:  Match in [/Users/prod/Sites/a/festimpro/app/views/matches/admin_view.ctp, line 16]
2010-02-26 12:48:56 Notice: Notice (8): Undefined index:  Salle in [/Users/prod/Sites/a/festimpro/app/views/matches/admin_view.ctp, line 21]
2010-02-26 12:48:56 Notice: Notice (8): Undefined index:  Match in [/Users/prod/Sites/a/festimpro/app/views/matches/admin_view.ctp, line 26]
2010-02-26 12:48:56 Notice: Notice (8): Undefined index:  Salle in [/Users/prod/Sites/a/festimpro/app/views/matches/admin_view.ctp, line 31]
2010-02-26 12:48:56 Notice: Notice (8): Undefined index:  Salle in [/Users/prod/Sites/a/festimpro/app/views/matches/admin_view.ctp, line 41]
2010-02-26 12:48:56 Notice: Notice (8): Undefined index:  Match in [/Users/prod/Sites/a/festimpro/app/views/matches/admin_view.ctp, line 51]
2010-02-26 12:50:32 Notice: Notice (8): Undefined variable: match in [/Users/prod/Sites/a/festimpro/app/views/matches/admin_view.ctp, line 2]
2010-02-26 12:50:32 Notice: Notice (8): Undefined variable: match in [/Users/prod/Sites/a/festimpro/app/views/matches/admin_view.ctp, line 6]
2010-02-26 12:50:32 Notice: Notice (8): Undefined variable: match in [/Users/prod/Sites/a/festimpro/app/views/matches/admin_view.ctp, line 11]
2010-02-26 12:50:32 Notice: Notice (8): Undefined variable: match in [/Users/prod/Sites/a/festimpro/app/views/matches/admin_view.ctp, line 16]
2010-02-26 12:50:32 Notice: Notice (8): Undefined variable: match in [/Users/prod/Sites/a/festimpro/app/views/matches/admin_view.ctp, line 21]
2010-02-26 12:50:32 Notice: Notice (8): Undefined variable: match in [/Users/prod/Sites/a/festimpro/app/views/matches/admin_view.ctp, line 26]
2010-02-26 12:50:32 Notice: Notice (8): Undefined variable: match in [/Users/prod/Sites/a/festimpro/app/views/matches/admin_view.ctp, line 31]
2010-02-26 12:50:32 Notice: Notice (8): Undefined variable: match in [/Users/prod/Sites/a/festimpro/app/views/matches/admin_view.ctp, line 41]
2010-02-26 12:50:32 Notice: Notice (8): Undefined variable: match in [/Users/prod/Sites/a/festimpro/app/views/matches/admin_view.ctp, line 51]
2010-02-26 12:53:02 Notice: Notice (8): Undefined index:  id in [/Users/prod/Sites/a/festimpro/app/views/matches/admin_view.ctp, line 76]
2010-02-26 12:53:02 Notice: Notice (8): Undefined index:  prenom in [/Users/prod/Sites/a/festimpro/app/views/matches/admin_view.ctp, line 77]
2010-02-26 12:53:02 Notice: Notice (8): Undefined index:  nom in [/Users/prod/Sites/a/festimpro/app/views/matches/admin_view.ctp, line 78]
2010-02-26 12:53:02 Notice: Notice (8): Undefined index:  email in [/Users/prod/Sites/a/festimpro/app/views/matches/admin_view.ctp, line 79]
2010-02-26 12:53:02 Notice: Notice (8): Undefined index:  nombre_de_places in [/Users/prod/Sites/a/festimpro/app/views/matches/admin_view.ctp, line 80]
2010-02-26 12:53:02 Notice: Notice (8): Undefined index:  id in [/Users/prod/Sites/a/festimpro/app/views/matches/admin_view.ctp, line 82]
2010-02-26 12:53:02 Notice: Notice (8): Undefined index:  id in [/Users/prod/Sites/a/festimpro/app/views/matches/admin_view.ctp, line 83]
2010-02-26 12:53:02 Notice: Notice (8): Undefined index:  id in [/Users/prod/Sites/a/festimpro/app/views/matches/admin_view.ctp, line 84]
2010-02-26 12:53:32 Notice: Notice (8): Undefined index:  prenom in [/Users/prod/Sites/a/festimpro/app/views/matches/admin_view.ctp, line 77]
2010-02-26 12:53:32 Notice: Notice (8): Undefined index:  nom in [/Users/prod/Sites/a/festimpro/app/views/matches/admin_view.ctp, line 78]
2010-02-26 12:53:32 Notice: Notice (8): Undefined index:  email in [/Users/prod/Sites/a/festimpro/app/views/matches/admin_view.ctp, line 79]
2010-02-26 12:53:32 Notice: Notice (8): Undefined index:  nombre_de_places in [/Users/prod/Sites/a/festimpro/app/views/matches/admin_view.ctp, line 80]
2010-02-26 12:53:32 Notice: Notice (8): Undefined index:  id in [/Users/prod/Sites/a/festimpro/app/views/matches/admin_view.ctp, line 82]
2010-02-26 12:53:32 Notice: Notice (8): Undefined index:  id in [/Users/prod/Sites/a/festimpro/app/views/matches/admin_view.ctp, line 83]
2010-02-26 12:53:32 Notice: Notice (8): Undefined index:  id in [/Users/prod/Sites/a/festimpro/app/views/matches/admin_view.ctp, line 84]
2010-02-26 12:55:11 Notice: Notice (8): Undefined variable: reservation in [/Users/prod/Sites/a/festimpro/app/views/reservations/admin_liste.ctp, line 2]
2010-02-26 12:55:17 Notice: Notice (8): Undefined variable: reservation in [/Users/prod/Sites/a/festimpro/app/views/reservations/admin_liste.ctp, line 2]
2010-03-03 09:37:51 Notice: Notice (8): Undefined variable: reservation in [/Users/prod/Sites/a/festimpro/app/views/reservations/admin_liste.ctp, line 2]
2010-03-03 10:32:16 Notice: Notice (8): Use of undefined constant Math - assumed 'Math' in [/Users/prod/Sites/a/festimpro/app/views/messages/test.ctp, line 6]
2010-03-03 10:32:23 Notice: Notice (8): Use of undefined constant Math - assumed 'Math' in [/Users/prod/Sites/a/festimpro/app/views/messages/test.ctp, line 6]
2010-03-03 10:32:24 Notice: Notice (8): Use of undefined constant Math - assumed 'Math' in [/Users/prod/Sites/a/festimpro/app/views/messages/test.ctp, line 6]
2010-03-03 10:32:24 Notice: Notice (8): Use of undefined constant Math - assumed 'Math' in [/Users/prod/Sites/a/festimpro/app/views/messages/test.ctp, line 6]
2010-03-03 10:34:22 Notice: Notice (8): Undefined index:  Message in [/Users/prod/Sites/a/festimpro/app/controllers/messages_controller.php, line 36]
2010-03-03 10:34:35 Notice: Notice (8): Undefined index:  Message in [/Users/prod/Sites/a/festimpro/app/controllers/messages_controller.php, line 36]
2010-03-03 10:34:41 Notice: Notice (8): Undefined index:  Message in [/Users/prod/Sites/a/festimpro/app/controllers/messages_controller.php, line 36]
2010-03-03 10:58:35 Notice: Notice (8): Undefined variable: error_captcha in [/Users/prod/Sites/a/festimpro/app/views/messages/add.ctp, line 15]
2010-03-03 10:58:35 Notice: Notice (8): Undefined variable: success_captcha in [/Users/prod/Sites/a/festimpro/app/views/messages/add.ctp, line 16]
2010-03-04 09:56:53 Notice: Notice (8): Undefined variable: reservation in [/Users/prod/Sites/a/festimpro/app/views/reservations/admin_liste.ctp, line 2]
