2010-02-16 10:50:25 Warning: Warning (2): Cannot modify header information - headers already sent by (output started at /Users/prod/Sites/a/festimpro/cake/libs/debugger.php:663) in [/Users/prod/Sites/a/festimpro/cake/libs/controller/controller.php, line 715]
2010-02-16 10:50:35 Warning: Warning (2): Cannot modify header information - headers already sent by (output started at /Users/prod/Sites/a/festimpro/cake/libs/debugger.php:663) in [/Users/prod/Sites/a/festimpro/cake/libs/controller/controller.php, line 715]
2010-02-23 11:23:17 Warning: Warning (2): Cannot modify header information - headers already sent by (output started at /Users/prod/Sites/a/festimpro/app/controllers/users_controller.php:19) in [/Users/prod/Sites/a/festimpro/cake/libs/controller/controller.php, line 715]
2010-02-24 10:54:01 Warning: Warning (2): Invalid argument supplied for foreach() in [/Users/prod/Sites/a/festimpro/cake/libs/view/helpers/form.php, line 998]
2010-02-24 11:03:32 Warning: Warning (512): <span style = "color:Red;text-align:left"><b>SQL Error:</b> 1054: Unknown column 'Tarif.reservation_id' in 'on clause'</span> in [/Users/prod/Sites/a/festimpro/cake/libs/model/datasources/dbo_source.php, line 635]
2010-02-24 11:03:32 Warning: Warning (2): Invalid argument supplied for foreach() in [/Users/prod/Sites/a/festimpro/app/views/reservations/index.ctp, line 16]
2010-02-24 11:22:56 Warning: Warning (512): <span style = "color:Red;text-align:left"><b>SQL Error:</b> 1054: Unknown column 'Tarif.tarif_id' in 'on clause'</span> in [/Users/prod/Sites/a/festimpro/cake/libs/model/datasources/dbo_source.php, line 635]
2010-02-24 11:22:56 Warning: Warning (2): Invalid argument supplied for foreach() in [/Users/prod/Sites/a/festimpro/app/views/reservations/index.ctp, line 16]
2010-02-24 12:13:41 Warning: Warning (2): Cannot modify header information - headers already sent by (output started at /Users/prod/Sites/a/festimpro/cake/libs/debugger.php:663) in [/Users/prod/Sites/a/festimpro/cake/libs/controller/controller.php, line 715]
2010-02-24 12:14:12 Warning: Warning (2): Cannot modify header information - headers already sent by (output started at /Users/prod/Sites/a/festimpro/cake/libs/debugger.php:663) in [/Users/prod/Sites/a/festimpro/cake/libs/controller/controller.php, line 715]
2010-02-24 12:14:15 Warning: Warning (2): Cannot modify header information - headers already sent by (output started at /Users/prod/Sites/a/festimpro/cake/libs/debugger.php:663) in [/Users/prod/Sites/a/festimpro/cake/libs/controller/controller.php, line 715]
2010-02-25 09:42:00 Warning: Warning (2): Cannot modify header information - headers already sent by (output started at /Users/prod/Sites/a/festimpro/cake/libs/debugger.php:663) in [/Users/prod/Sites/a/festimpro/cake/libs/controller/controller.php, line 715]
2010-02-25 09:42:08 Warning: Warning (2): Cannot modify header information - headers already sent by (output started at /Users/prod/Sites/a/festimpro/cake/libs/debugger.php:663) in [/Users/prod/Sites/a/festimpro/cake/libs/controller/controller.php, line 715]
2010-02-25 11:26:59 Warning: Warning (2): Cannot modify header information - headers already sent by (output started at /Users/prod/Sites/a/festimpro/app/controllers/users_controller.php:44) in [/Users/prod/Sites/a/festimpro/cake/libs/controller/controller.php, line 715]
2010-02-25 11:27:22 Warning: Warning (2): Cannot modify header information - headers already sent by (output started at /Users/prod/Sites/a/festimpro/app/controllers/users_controller.php:46) in [/Users/prod/Sites/a/festimpro/cake/libs/controller/controller.php, line 715]
2010-02-25 11:27:29 Warning: Warning (2): Cannot modify header information - headers already sent by (output started at /Users/prod/Sites/a/festimpro/app/controllers/users_controller.php:24) in [/Users/prod/Sites/a/festimpro/cake/libs/controller/controller.php, line 715]
2010-02-25 11:27:30 Warning: Warning (2): Cannot modify header information - headers already sent by (output started at /Users/prod/Sites/a/festimpro/app/controllers/users_controller.php:24) in [/Users/prod/Sites/a/festimpro/cake/libs/controller/controller.php, line 715]
2010-02-25 12:14:01 Warning: Warning (2): Cannot modify header information - headers already sent by (output started at /Users/prod/Sites/a/festimpro/cake/libs/debugger.php:663) in [/Users/prod/Sites/a/festimpro/cake/libs/controller/controller.php, line 715]
2010-02-25 12:14:54 Warning: Warning (2): Cannot modify header information - headers already sent by (output started at /Users/prod/Sites/a/festimpro/cake/libs/debugger.php:663) in [/Users/prod/Sites/a/festimpro/cake/libs/controller/controller.php, line 715]
2010-02-25 12:15:19 Warning: Warning (2): Missing argument 1 for ReservationsController::admin_liste(), called in /Users/prod/Sites/a/festimpro/cake/libs/object.php on line 109 and defined in [/Users/prod/Sites/a/festimpro/app/controllers/reservations_controller.php, line 16]
2010-02-25 12:15:30 Warning: Warning (2): Missing argument 1 for ReservationsController::admin_liste(), called in /Users/prod/Sites/a/festimpro/cake/libs/object.php on line 109 and defined in [/Users/prod/Sites/a/festimpro/app/controllers/reservations_controller.php, line 16]
2010-02-25 12:15:31 Warning: Warning (2): Missing argument 1 for ReservationsController::admin_liste(), called in /Users/prod/Sites/a/festimpro/cake/libs/object.php on line 109 and defined in [/Users/prod/Sites/a/festimpro/app/controllers/reservations_controller.php, line 16]
2010-02-25 12:15:42 Warning: Warning (2): Missing argument 1 for ReservationsController::admin_liste(), called in /Users/prod/Sites/a/festimpro/cake/libs/object.php on line 109 and defined in [/Users/prod/Sites/a/festimpro/app/controllers/reservations_controller.php, line 16]
2010-02-25 12:15:42 Warning: Warning (2): Missing argument 1 for ReservationsController::admin_liste(), called in /Users/prod/Sites/a/festimpro/cake/libs/object.php on line 109 and defined in [/Users/prod/Sites/a/festimpro/app/controllers/reservations_controller.php, line 16]
2010-02-25 12:16:04 Warning: Warning (2): Cannot modify header information - headers already sent by (output started at /Users/prod/Sites/a/festimpro/cake/libs/debugger.php:663) in [/Users/prod/Sites/a/festimpro/cake/libs/controller/controller.php, line 715]
2010-02-26 10:12:50 Warning: Warning (512): Method HtmlHelper::linh does not exist in [/Users/prod/Sites/a/festimpro/cake/libs/view/helper.php, line 155]
2010-03-02 11:09:35 Warning: Warning (2): mysql_connect() [<a href='http://php.net/function.mysql-connect'>function.mysql-connect</a>]: Unknown MySQL server host 'db1653.1and1.fr' (1) in [/Users/prod/Sites/a/festimpro/cake/libs/model/datasources/dbo/dbo_mysql.php, line 540]
2010-03-02 11:09:35 Warning: Warning (2): mysql_select_db(): supplied argument is not a valid MySQL-Link resource in [/Users/prod/Sites/a/festimpro/cake/libs/model/datasources/dbo/dbo_mysql.php, line 546]
2010-03-02 11:09:35 Warning: Warning (2): mysql_get_server_info(): supplied argument is not a valid MySQL-Link resource in [/Users/prod/Sites/a/festimpro/cake/libs/model/datasources/dbo/dbo_mysql.php, line 554]
2010-03-02 11:09:36 Warning: Warning (2): mysql_query(): supplied argument is not a valid MySQL-Link resource in [/Users/prod/Sites/a/festimpro/cake/libs/model/datasources/dbo/dbo_mysql.php, line 588]
2010-03-02 11:09:36 Warning: Warning (2): Cannot modify header information - headers already sent by (output started at /Users/prod/Sites/a/festimpro/cake/libs/debugger.php:663) in [/Users/prod/Sites/a/festimpro/cake/libs/controller/controller.php, line 715]
2010-03-02 11:09:36 Warning: Warning (2): mysql_connect() [<a href='http://php.net/function.mysql-connect'>function.mysql-connect</a>]: Unknown MySQL server host 'db1653.1and1.fr' (1) in [/Users/prod/Sites/a/festimpro/cake/libs/model/datasources/dbo/dbo_mysql.php, line 540]
2010-03-02 11:09:36 Warning: Warning (2): mysql_select_db(): supplied argument is not a valid MySQL-Link resource in [/Users/prod/Sites/a/festimpro/cake/libs/model/datasources/dbo/dbo_mysql.php, line 546]
2010-03-02 11:09:36 Warning: Warning (2): mysql_get_server_info(): supplied argument is not a valid MySQL-Link resource in [/Users/prod/Sites/a/festimpro/cake/libs/model/datasources/dbo/dbo_mysql.php, line 554]
2010-03-02 11:09:36 Warning: Warning (2): mysql_query(): supplied argument is not a valid MySQL-Link resource in [/Users/prod/Sites/a/festimpro/cake/libs/model/datasources/dbo/dbo_mysql.php, line 588]
2010-03-02 11:09:36 Warning: Warning (2): Cannot modify header information - headers already sent by (output started at /Users/prod/Sites/a/festimpro/cake/libs/debugger.php:663) in [/Users/prod/Sites/a/festimpro/cake/libs/controller/controller.php, line 715]
2010-03-03 09:35:56 Warning: Warning (2): mysql_connect() [<a href='http://php.net/function.mysql-connect'>function.mysql-connect</a>]: Unknown MySQL server host 'db1653.1and1.fr' (1) in [/Users/prod/Sites/a/festimpro/cake/libs/model/datasources/dbo/dbo_mysql.php, line 540]
2010-03-03 09:35:56 Warning: Warning (2): mysql_select_db(): supplied argument is not a valid MySQL-Link resource in [/Users/prod/Sites/a/festimpro/cake/libs/model/datasources/dbo/dbo_mysql.php, line 546]
2010-03-03 09:35:56 Warning: Warning (2): mysql_get_server_info(): supplied argument is not a valid MySQL-Link resource in [/Users/prod/Sites/a/festimpro/cake/libs/model/datasources/dbo/dbo_mysql.php, line 554]
2010-03-03 09:35:56 Warning: Warning (2): mysql_query(): supplied argument is not a valid MySQL-Link resource in [/Users/prod/Sites/a/festimpro/cake/libs/model/datasources/dbo/dbo_mysql.php, line 588]
2010-03-03 09:35:56 Warning: Warning (2): Cannot modify header information - headers already sent by (output started at /Users/prod/Sites/a/festimpro/cake/libs/debugger.php:663) in [/Users/prod/Sites/a/festimpro/cake/libs/controller/controller.php, line 715]
2010-03-03 09:35:57 Warning: Warning (2): mysql_connect() [<a href='http://php.net/function.mysql-connect'>function.mysql-connect</a>]: Unknown MySQL server host 'db1653.1and1.fr' (1) in [/Users/prod/Sites/a/festimpro/cake/libs/model/datasources/dbo/dbo_mysql.php, line 540]
2010-03-03 09:35:57 Warning: Warning (2): mysql_select_db(): supplied argument is not a valid MySQL-Link resource in [/Users/prod/Sites/a/festimpro/cake/libs/model/datasources/dbo/dbo_mysql.php, line 546]
2010-03-03 09:35:57 Warning: Warning (2): mysql_get_server_info(): supplied argument is not a valid MySQL-Link resource in [/Users/prod/Sites/a/festimpro/cake/libs/model/datasources/dbo/dbo_mysql.php, line 554]
2010-03-03 09:35:57 Warning: Warning (2): mysql_query(): supplied argument is not a valid MySQL-Link resource in [/Users/prod/Sites/a/festimpro/cake/libs/model/datasources/dbo/dbo_mysql.php, line 588]
2010-03-03 09:35:57 Warning: Warning (2): Cannot modify header information - headers already sent by (output started at /Users/prod/Sites/a/festimpro/cake/libs/debugger.php:663) in [/Users/prod/Sites/a/festimpro/cake/libs/controller/controller.php, line 715]
2010-03-03 10:13:35 Warning: Warning (2): session_start() [<a href='http://php.net/function.session-start'>function.session-start</a>]: Cannot send session cache limiter - headers already sent (output started at /Users/prod/Sites/a/festimpro/app/controllers/components/captcha.php:111) in [/Users/prod/Sites/a/festimpro/app/vendors/securimage/securimage.php, line 422]
2010-03-03 10:13:35 Warning: Warning (2): session_start() [<a href='http://php.net/function.session-start'>function.session-start</a>]: Cannot send session cache limiter - headers already sent (output started at /Users/prod/Sites/a/festimpro/app/controllers/components/captcha.php:111) in [/Users/prod/Sites/a/festimpro/app/vendors/securimage/securimage.php, line 422]
2010-03-03 10:13:35 Warning: Warning (2): Cannot modify header information - headers already sent by (output started at /Users/prod/Sites/a/festimpro/app/controllers/components/captcha.php:111) in [/Users/prod/Sites/a/festimpro/app/vendors/securimage/securimage.php, line 742]
2010-03-03 10:13:35 Warning: Warning (2): Cannot modify header information - headers already sent by (output started at /Users/prod/Sites/a/festimpro/app/controllers/components/captcha.php:111) in [/Users/prod/Sites/a/festimpro/app/vendors/securimage/securimage.php, line 743]
2010-03-03 10:13:35 Warning: Warning (2): Cannot modify header information - headers already sent by (output started at /Users/prod/Sites/a/festimpro/app/controllers/components/captcha.php:111) in [/Users/prod/Sites/a/festimpro/app/vendors/securimage/securimage.php, line 744]
2010-03-03 10:13:35 Warning: Warning (2): Cannot modify header information - headers already sent by (output started at /Users/prod/Sites/a/festimpro/app/controllers/components/captcha.php:111) in [/Users/prod/Sites/a/festimpro/app/vendors/securimage/securimage.php, line 745]
2010-03-03 10:13:35 Warning: Warning (2): Cannot modify header information - headers already sent by (output started at /Users/prod/Sites/a/festimpro/app/controllers/components/captcha.php:111) in [/Users/prod/Sites/a/festimpro/app/vendors/securimage/securimage.php, line 746]
2010-03-03 10:13:35 Warning: Warning (2): Cannot modify header information - headers already sent by (output started at /Users/prod/Sites/a/festimpro/app/controllers/components/captcha.php:111) in [/Users/prod/Sites/a/festimpro/app/vendors/securimage/securimage.php, line 761]
2010-03-03 10:13:39 Warning: Warning (2): session_start() [<a href='http://php.net/function.session-start'>function.session-start</a>]: Cannot send session cache limiter - headers already sent (output started at /Users/prod/Sites/a/festimpro/app/controllers/components/captcha.php:111) in [/Users/prod/Sites/a/festimpro/app/vendors/securimage/securimage.php, line 422]
2010-03-03 10:13:42 Warning: Warning (2): session_start() [<a href='http://php.net/function.session-start'>function.session-start</a>]: Cannot send session cache limiter - headers already sent (output started at /Users/prod/Sites/a/festimpro/app/controllers/components/captcha.php:111) in [/Users/prod/Sites/a/festimpro/app/vendors/securimage/securimage.php, line 422]
2010-03-03 10:13:42 Warning: Warning (2): session_start() [<a href='http://php.net/function.session-start'>function.session-start</a>]: Cannot send session cache limiter - headers already sent (output started at /Users/prod/Sites/a/festimpro/app/controllers/components/captcha.php:111) in [/Users/prod/Sites/a/festimpro/app/vendors/securimage/securimage.php, line 422]
2010-03-03 10:13:42 Warning: Warning (2): Cannot modify header information - headers already sent by (output started at /Users/prod/Sites/a/festimpro/app/controllers/components/captcha.php:111) in [/Users/prod/Sites/a/festimpro/app/vendors/securimage/securimage.php, line 742]
2010-03-03 10:13:42 Warning: Warning (2): Cannot modify header information - headers already sent by (output started at /Users/prod/Sites/a/festimpro/app/controllers/components/captcha.php:111) in [/Users/prod/Sites/a/festimpro/app/vendors/securimage/securimage.php, line 743]
2010-03-03 10:13:42 Warning: Warning (2): Cannot modify header information - headers already sent by (output started at /Users/prod/Sites/a/festimpro/app/controllers/components/captcha.php:111) in [/Users/prod/Sites/a/festimpro/app/vendors/securimage/securimage.php, line 744]
2010-03-03 10:13:42 Warning: Warning (2): Cannot modify header information - headers already sent by (output started at /Users/prod/Sites/a/festimpro/app/controllers/components/captcha.php:111) in [/Users/prod/Sites/a/festimpro/app/vendors/securimage/securimage.php, line 745]
2010-03-03 10:13:42 Warning: Warning (2): Cannot modify header information - headers already sent by (output started at /Users/prod/Sites/a/festimpro/app/controllers/components/captcha.php:111) in [/Users/prod/Sites/a/festimpro/app/vendors/securimage/securimage.php, line 746]
2010-03-03 10:13:42 Warning: Warning (2): Cannot modify header information - headers already sent by (output started at /Users/prod/Sites/a/festimpro/app/controllers/components/captcha.php:111) in [/Users/prod/Sites/a/festimpro/app/vendors/securimage/securimage.php, line 761]
2010-03-03 10:14:18 Warning: Warning (2): session_start() [<a href='http://php.net/function.session-start'>function.session-start</a>]: Cannot send session cache limiter - headers already sent (output started at /Users/prod/Sites/a/festimpro/app/controllers/components/captcha.php:111) in [/Users/prod/Sites/a/festimpro/app/vendors/securimage/securimage.php, line 422]
2010-03-03 10:14:18 Warning: Warning (2): session_start() [<a href='http://php.net/function.session-start'>function.session-start</a>]: Cannot send session cache limiter - headers already sent (output started at /Users/prod/Sites/a/festimpro/app/controllers/components/captcha.php:111) in [/Users/prod/Sites/a/festimpro/app/vendors/securimage/securimage.php, line 422]
2010-03-03 10:14:18 Warning: Warning (2): Cannot modify header information - headers already sent by (output started at /Users/prod/Sites/a/festimpro/app/controllers/components/captcha.php:111) in [/Users/prod/Sites/a/festimpro/app/vendors/securimage/securimage.php, line 742]
2010-03-03 10:14:18 Warning: Warning (2): Cannot modify header information - headers already sent by (output started at /Users/prod/Sites/a/festimpro/app/controllers/components/captcha.php:111) in [/Users/prod/Sites/a/festimpro/app/vendors/securimage/securimage.php, line 743]
2010-03-03 10:14:18 Warning: Warning (2): Cannot modify header information - headers already sent by (output started at /Users/prod/Sites/a/festimpro/app/controllers/components/captcha.php:111) in [/Users/prod/Sites/a/festimpro/app/vendors/securimage/securimage.php, line 744]
2010-03-03 10:14:18 Warning: Warning (2): Cannot modify header information - headers already sent by (output started at /Users/prod/Sites/a/festimpro/app/controllers/components/captcha.php:111) in [/Users/prod/Sites/a/festimpro/app/vendors/securimage/securimage.php, line 745]
2010-03-03 10:14:18 Warning: Warning (2): Cannot modify header information - headers already sent by (output started at /Users/prod/Sites/a/festimpro/app/controllers/components/captcha.php:111) in [/Users/prod/Sites/a/festimpro/app/vendors/securimage/securimage.php, line 746]
2010-03-03 10:14:18 Warning: Warning (2): Cannot modify header information - headers already sent by (output started at /Users/prod/Sites/a/festimpro/app/controllers/components/captcha.php:111) in [/Users/prod/Sites/a/festimpro/app/vendors/securimage/securimage.php, line 761]
2010-03-03 10:14:19 Warning: Warning (2): session_start() [<a href='http://php.net/function.session-start'>function.session-start</a>]: Cannot send session cache limiter - headers already sent (output started at /Users/prod/Sites/a/festimpro/app/controllers/components/captcha.php:111) in [/Users/prod/Sites/a/festimpro/app/vendors/securimage/securimage.php, line 422]
2010-03-03 10:14:20 Warning: Warning (2): session_start() [<a href='http://php.net/function.session-start'>function.session-start</a>]: Cannot send session cache limiter - headers already sent (output started at /Users/prod/Sites/a/festimpro/app/controllers/components/captcha.php:111) in [/Users/prod/Sites/a/festimpro/app/vendors/securimage/securimage.php, line 422]
2010-03-03 10:14:20 Warning: Warning (2): Cannot modify header information - headers already sent by (output started at /Users/prod/Sites/a/festimpro/app/controllers/components/captcha.php:111) in [/Users/prod/Sites/a/festimpro/app/vendors/securimage/securimage.php, line 742]
2010-03-03 10:14:20 Warning: Warning (2): Cannot modify header information - headers already sent by (output started at /Users/prod/Sites/a/festimpro/app/controllers/components/captcha.php:111) in [/Users/prod/Sites/a/festimpro/app/vendors/securimage/securimage.php, line 743]
2010-03-03 10:14:20 Warning: Warning (2): Cannot modify header information - headers already sent by (output started at /Users/prod/Sites/a/festimpro/app/controllers/components/captcha.php:111) in [/Users/prod/Sites/a/festimpro/app/vendors/securimage/securimage.php, line 744]
2010-03-03 10:14:20 Warning: Warning (2): Cannot modify header information - headers already sent by (output started at /Users/prod/Sites/a/festimpro/app/controllers/components/captcha.php:111) in [/Users/prod/Sites/a/festimpro/app/vendors/securimage/securimage.php, line 745]
2010-03-03 10:14:20 Warning: Warning (2): Cannot modify header information - headers already sent by (output started at /Users/prod/Sites/a/festimpro/app/controllers/components/captcha.php:111) in [/Users/prod/Sites/a/festimpro/app/vendors/securimage/securimage.php, line 746]
2010-03-03 10:14:20 Warning: Warning (2): Cannot modify header information - headers already sent by (output started at /Users/prod/Sites/a/festimpro/app/controllers/components/captcha.php:111) in [/Users/prod/Sites/a/festimpro/app/vendors/securimage/securimage.php, line 761]
2010-03-03 10:14:28 Warning: Warning (2): session_start() [<a href='http://php.net/function.session-start'>function.session-start</a>]: Cannot send session cache limiter - headers already sent (output started at /Users/prod/Sites/a/festimpro/app/controllers/components/captcha.php:110) in [/Users/prod/Sites/a/festimpro/app/vendors/securimage/securimage.php, line 422]
2010-03-03 10:14:28 Warning: Warning (2): session_start() [<a href='http://php.net/function.session-start'>function.session-start</a>]: Cannot send session cache limiter - headers already sent (output started at /Users/prod/Sites/a/festimpro/app/controllers/components/captcha.php:110) in [/Users/prod/Sites/a/festimpro/app/vendors/securimage/securimage.php, line 422]
2010-03-03 10:14:28 Warning: Warning (2): Cannot modify header information - headers already sent by (output started at /Users/prod/Sites/a/festimpro/app/controllers/components/captcha.php:110) in [/Users/prod/Sites/a/festimpro/app/vendors/securimage/securimage.php, line 742]
2010-03-03 10:14:28 Warning: Warning (2): Cannot modify header information - headers already sent by (output started at /Users/prod/Sites/a/festimpro/app/controllers/components/captcha.php:110) in [/Users/prod/Sites/a/festimpro/app/vendors/securimage/securimage.php, line 743]
2010-03-03 10:14:28 Warning: Warning (2): Cannot modify header information - headers already sent by (output started at /Users/prod/Sites/a/festimpro/app/controllers/components/captcha.php:110) in [/Users/prod/Sites/a/festimpro/app/vendors/securimage/securimage.php, line 744]
2010-03-03 10:14:28 Warning: Warning (2): Cannot modify header information - headers already sent by (output started at /Users/prod/Sites/a/festimpro/app/controllers/components/captcha.php:110) in [/Users/prod/Sites/a/festimpro/app/vendors/securimage/securimage.php, line 745]
2010-03-03 10:14:28 Warning: Warning (2): Cannot modify header information - headers already sent by (output started at /Users/prod/Sites/a/festimpro/app/controllers/components/captcha.php:110) in [/Users/prod/Sites/a/festimpro/app/vendors/securimage/securimage.php, line 746]
2010-03-03 10:14:28 Warning: Warning (2): Cannot modify header information - headers already sent by (output started at /Users/prod/Sites/a/festimpro/app/controllers/components/captcha.php:110) in [/Users/prod/Sites/a/festimpro/app/vendors/securimage/securimage.php, line 761]
2010-03-03 10:18:05 Warning: Warning (2): session_start() [<a href='http://php.net/function.session-start'>function.session-start</a>]: Cannot send session cache limiter - headers already sent (output started at /Users/prod/Sites/a/festimpro/app/controllers/components/captcha.php:110) in [/Users/prod/Sites/a/festimpro/app/vendors/securimage/securimage.php, line 422]
2010-03-03 10:18:06 Warning: Warning (2): session_start() [<a href='http://php.net/function.session-start'>function.session-start</a>]: Cannot send session cache limiter - headers already sent (output started at /Users/prod/Sites/a/festimpro/app/controllers/components/captcha.php:110) in [/Users/prod/Sites/a/festimpro/app/vendors/securimage/securimage.php, line 422]
2010-03-03 10:18:06 Warning: Warning (2): Cannot modify header information - headers already sent by (output started at /Users/prod/Sites/a/festimpro/app/controllers/components/captcha.php:110) in [/Users/prod/Sites/a/festimpro/app/vendors/securimage/securimage.php, line 742]
2010-03-03 10:18:06 Warning: Warning (2): Cannot modify header information - headers already sent by (output started at /Users/prod/Sites/a/festimpro/app/controllers/components/captcha.php:110) in [/Users/prod/Sites/a/festimpro/app/vendors/securimage/securimage.php, line 743]
2010-03-03 10:18:06 Warning: Warning (2): Cannot modify header information - headers already sent by (output started at /Users/prod/Sites/a/festimpro/app/controllers/components/captcha.php:110) in [/Users/prod/Sites/a/festimpro/app/vendors/securimage/securimage.php, line 744]
2010-03-03 10:18:06 Warning: Warning (2): Cannot modify header information - headers already sent by (output started at /Users/prod/Sites/a/festimpro/app/controllers/components/captcha.php:110) in [/Users/prod/Sites/a/festimpro/app/vendors/securimage/securimage.php, line 745]
2010-03-03 10:18:06 Warning: Warning (2): Cannot modify header information - headers already sent by (output started at /Users/prod/Sites/a/festimpro/app/controllers/components/captcha.php:110) in [/Users/prod/Sites/a/festimpro/app/vendors/securimage/securimage.php, line 746]
2010-03-03 10:18:06 Warning: Warning (2): Cannot modify header information - headers already sent by (output started at /Users/prod/Sites/a/festimpro/app/controllers/components/captcha.php:110) in [/Users/prod/Sites/a/festimpro/app/vendors/securimage/securimage.php, line 761]
2010-03-03 10:18:07 Warning: Warning (2): session_start() [<a href='http://php.net/function.session-start'>function.session-start</a>]: Cannot send session cache limiter - headers already sent (output started at /Users/prod/Sites/a/festimpro/app/controllers/components/captcha.php:110) in [/Users/prod/Sites/a/festimpro/app/vendors/securimage/securimage.php, line 422]
2010-03-03 10:18:07 Warning: Warning (2): session_start() [<a href='http://php.net/function.session-start'>function.session-start</a>]: Cannot send session cache limiter - headers already sent (output started at /Users/prod/Sites/a/festimpro/app/controllers/components/captcha.php:110) in [/Users/prod/Sites/a/festimpro/app/vendors/securimage/securimage.php, line 422]
2010-03-03 10:18:07 Warning: Warning (2): Cannot modify header information - headers already sent by (output started at /Users/prod/Sites/a/festimpro/app/controllers/components/captcha.php:110) in [/Users/prod/Sites/a/festimpro/app/vendors/securimage/securimage.php, line 742]
2010-03-03 10:18:07 Warning: Warning (2): Cannot modify header information - headers already sent by (output started at /Users/prod/Sites/a/festimpro/app/controllers/components/captcha.php:110) in [/Users/prod/Sites/a/festimpro/app/vendors/securimage/securimage.php, line 743]
2010-03-03 10:18:07 Warning: Warning (2): Cannot modify header information - headers already sent by (output started at /Users/prod/Sites/a/festimpro/app/controllers/components/captcha.php:110) in [/Users/prod/Sites/a/festimpro/app/vendors/securimage/securimage.php, line 744]
2010-03-03 10:18:07 Warning: Warning (2): Cannot modify header information - headers already sent by (output started at /Users/prod/Sites/a/festimpro/app/controllers/components/captcha.php:110) in [/Users/prod/Sites/a/festimpro/app/vendors/securimage/securimage.php, line 745]
2010-03-03 10:18:07 Warning: Warning (2): Cannot modify header information - headers already sent by (output started at /Users/prod/Sites/a/festimpro/app/controllers/components/captcha.php:110) in [/Users/prod/Sites/a/festimpro/app/vendors/securimage/securimage.php, line 746]
2010-03-03 10:18:07 Warning: Warning (2): Cannot modify header information - headers already sent by (output started at /Users/prod/Sites/a/festimpro/app/controllers/components/captcha.php:110) in [/Users/prod/Sites/a/festimpro/app/vendors/securimage/securimage.php, line 761]
2010-03-03 10:18:47 Warning: Warning (2): session_start() [<a href='http://php.net/function.session-start'>function.session-start</a>]: Cannot send session cache limiter - headers already sent (output started at /Users/prod/Sites/a/festimpro/app/controllers/components/captcha.php:110) in [/Users/prod/Sites/a/festimpro/app/vendors/securimage/securimage.php, line 422]
2010-03-03 10:18:47 Warning: Warning (2): session_start() [<a href='http://php.net/function.session-start'>function.session-start</a>]: Cannot send session cache limiter - headers already sent (output started at /Users/prod/Sites/a/festimpro/app/controllers/components/captcha.php:110) in [/Users/prod/Sites/a/festimpro/app/vendors/securimage/securimage.php, line 422]
2010-03-03 10:18:47 Warning: Warning (2): Cannot modify header information - headers already sent by (output started at /Users/prod/Sites/a/festimpro/app/controllers/components/captcha.php:110) in [/Users/prod/Sites/a/festimpro/app/vendors/securimage/securimage.php, line 742]
2010-03-03 10:18:47 Warning: Warning (2): Cannot modify header information - headers already sent by (output started at /Users/prod/Sites/a/festimpro/app/controllers/components/captcha.php:110) in [/Users/prod/Sites/a/festimpro/app/vendors/securimage/securimage.php, line 743]
2010-03-03 10:18:47 Warning: Warning (2): Cannot modify header information - headers already sent by (output started at /Users/prod/Sites/a/festimpro/app/controllers/components/captcha.php:110) in [/Users/prod/Sites/a/festimpro/app/vendors/securimage/securimage.php, line 744]
2010-03-03 10:18:47 Warning: Warning (2): Cannot modify header information - headers already sent by (output started at /Users/prod/Sites/a/festimpro/app/controllers/components/captcha.php:110) in [/Users/prod/Sites/a/festimpro/app/vendors/securimage/securimage.php, line 745]
2010-03-03 10:18:47 Warning: Warning (2): Cannot modify header information - headers already sent by (output started at /Users/prod/Sites/a/festimpro/app/controllers/components/captcha.php:110) in [/Users/prod/Sites/a/festimpro/app/vendors/securimage/securimage.php, line 746]
2010-03-03 10:18:47 Warning: Warning (2): Cannot modify header information - headers already sent by (output started at /Users/prod/Sites/a/festimpro/app/controllers/components/captcha.php:110) in [/Users/prod/Sites/a/festimpro/app/vendors/securimage/securimage.php, line 761]
2010-03-03 10:18:58 Warning: Warning (2): session_start() [<a href='http://php.net/function.session-start'>function.session-start</a>]: Cannot send session cache limiter - headers already sent (output started at /Users/prod/Sites/a/festimpro/app/controllers/components/captcha.php:110) in [/Users/prod/Sites/a/festimpro/app/vendors/securimage/securimage.php, line 422]
2010-03-03 10:18:58 Warning: Warning (2): session_start() [<a href='http://php.net/function.session-start'>function.session-start</a>]: Cannot send session cache limiter - headers already sent (output started at /Users/prod/Sites/a/festimpro/app/controllers/components/captcha.php:110) in [/Users/prod/Sites/a/festimpro/app/vendors/securimage/securimage.php, line 422]
2010-03-03 10:18:58 Warning: Warning (2): Cannot modify header information - headers already sent by (output started at /Users/prod/Sites/a/festimpro/app/controllers/components/captcha.php:110) in [/Users/prod/Sites/a/festimpro/app/vendors/securimage/securimage.php, line 742]
2010-03-03 10:18:58 Warning: Warning (2): Cannot modify header information - headers already sent by (output started at /Users/prod/Sites/a/festimpro/app/controllers/components/captcha.php:110) in [/Users/prod/Sites/a/festimpro/app/vendors/securimage/securimage.php, line 743]
2010-03-03 10:18:58 Warning: Warning (2): Cannot modify header information - headers already sent by (output started at /Users/prod/Sites/a/festimpro/app/controllers/components/captcha.php:110) in [/Users/prod/Sites/a/festimpro/app/vendors/securimage/securimage.php, line 744]
2010-03-03 10:18:58 Warning: Warning (2): Cannot modify header information - headers already sent by (output started at /Users/prod/Sites/a/festimpro/app/controllers/components/captcha.php:110) in [/Users/prod/Sites/a/festimpro/app/vendors/securimage/securimage.php, line 745]
2010-03-03 10:18:58 Warning: Warning (2): Cannot modify header information - headers already sent by (output started at /Users/prod/Sites/a/festimpro/app/controllers/components/captcha.php:110) in [/Users/prod/Sites/a/festimpro/app/vendors/securimage/securimage.php, line 746]
2010-03-03 10:18:58 Warning: Warning (2): Cannot modify header information - headers already sent by (output started at /Users/prod/Sites/a/festimpro/app/controllers/components/captcha.php:110) in [/Users/prod/Sites/a/festimpro/app/vendors/securimage/securimage.php, line 761]
2010-03-03 10:19:06 Warning: Warning (2): session_start() [<a href='http://php.net/function.session-start'>function.session-start</a>]: Cannot send session cache limiter - headers already sent (output started at /Users/prod/Sites/a/festimpro/app/controllers/components/captcha.php:110) in [/Users/prod/Sites/a/festimpro/app/vendors/securimage/securimage.php, line 422]
2010-03-03 10:19:06 Warning: Warning (2): session_start() [<a href='http://php.net/function.session-start'>function.session-start</a>]: Cannot send session cache limiter - headers already sent (output started at /Users/prod/Sites/a/festimpro/app/controllers/components/captcha.php:110) in [/Users/prod/Sites/a/festimpro/app/vendors/securimage/securimage.php, line 422]
2010-03-03 10:19:06 Warning: Warning (2): Cannot modify header information - headers already sent by (output started at /Users/prod/Sites/a/festimpro/app/controllers/components/captcha.php:110) in [/Users/prod/Sites/a/festimpro/app/vendors/securimage/securimage.php, line 742]
2010-03-03 10:19:06 Warning: Warning (2): Cannot modify header information - headers already sent by (output started at /Users/prod/Sites/a/festimpro/app/controllers/components/captcha.php:110) in [/Users/prod/Sites/a/festimpro/app/vendors/securimage/securimage.php, line 743]
2010-03-03 10:19:06 Warning: Warning (2): Cannot modify header information - headers already sent by (output started at /Users/prod/Sites/a/festimpro/app/controllers/components/captcha.php:110) in [/Users/prod/Sites/a/festimpro/app/vendors/securimage/securimage.php, line 744]
2010-03-03 10:19:06 Warning: Warning (2): Cannot modify header information - headers already sent by (output started at /Users/prod/Sites/a/festimpro/app/controllers/components/captcha.php:110) in [/Users/prod/Sites/a/festimpro/app/vendors/securimage/securimage.php, line 745]
2010-03-03 10:19:06 Warning: Warning (2): Cannot modify header information - headers already sent by (output started at /Users/prod/Sites/a/festimpro/app/controllers/components/captcha.php:110) in [/Users/prod/Sites/a/festimpro/app/vendors/securimage/securimage.php, line 746]
2010-03-03 10:19:06 Warning: Warning (2): Cannot modify header information - headers already sent by (output started at /Users/prod/Sites/a/festimpro/app/controllers/components/captcha.php:110) in [/Users/prod/Sites/a/festimpro/app/vendors/securimage/securimage.php, line 761]
2010-03-03 10:20:49 Warning: Warning (2): session_start() [<a href='http://php.net/function.session-start'>function.session-start</a>]: Cannot send session cache limiter - headers already sent (output started at /Users/prod/Sites/a/festimpro/app/controllers/components/captcha.php:110) in [/Users/prod/Sites/a/festimpro/app/vendors/securimage/securimage.php, line 422]
2010-03-03 10:20:49 Warning: Warning (2): session_start() [<a href='http://php.net/function.session-start'>function.session-start</a>]: Cannot send session cache limiter - headers already sent (output started at /Users/prod/Sites/a/festimpro/app/controllers/components/captcha.php:110) in [/Users/prod/Sites/a/festimpro/app/vendors/securimage/securimage.php, line 422]
2010-03-03 10:20:49 Warning: Warning (2): Cannot modify header information - headers already sent by (output started at /Users/prod/Sites/a/festimpro/app/controllers/components/captcha.php:110) in [/Users/prod/Sites/a/festimpro/app/vendors/securimage/securimage.php, line 742]
2010-03-03 10:20:49 Warning: Warning (2): Cannot modify header information - headers already sent by (output started at /Users/prod/Sites/a/festimpro/app/controllers/components/captcha.php:110) in [/Users/prod/Sites/a/festimpro/app/vendors/securimage/securimage.php, line 743]
2010-03-03 10:20:49 Warning: Warning (2): Cannot modify header information - headers already sent by (output started at /Users/prod/Sites/a/festimpro/app/controllers/components/captcha.php:110) in [/Users/prod/Sites/a/festimpro/app/vendors/securimage/securimage.php, line 744]
2010-03-03 10:20:49 Warning: Warning (2): Cannot modify header information - headers already sent by (output started at /Users/prod/Sites/a/festimpro/app/controllers/components/captcha.php:110) in [/Users/prod/Sites/a/festimpro/app/vendors/securimage/securimage.php, line 745]
2010-03-03 10:20:49 Warning: Warning (2): Cannot modify header information - headers already sent by (output started at /Users/prod/Sites/a/festimpro/app/controllers/components/captcha.php:110) in [/Users/prod/Sites/a/festimpro/app/vendors/securimage/securimage.php, line 746]
2010-03-03 10:20:49 Warning: Warning (2): Cannot modify header information - headers already sent by (output started at /Users/prod/Sites/a/festimpro/app/controllers/components/captcha.php:110) in [/Users/prod/Sites/a/festimpro/app/vendors/securimage/securimage.php, line 761]
